[0.149s] DEBUG:colcon:Command line arguments: ['/usr/bin/colcon', 'build', '--symlink-install']
[0.149s] DEBUG:colcon:Parsed command line arguments: Namespace(log_base=None, log_level=None, verb_name='build', build_base='build', install_base='install', merge_install=False, symlink_install=True, test_result_base=None, continue_on_error=False, executor='parallel', parallel_workers=8, event_handlers=None, ignore_user_meta=False, metas=['./colcon.meta'], base_paths=['.'], packages_ignore=None, packages_ignore_regex=None, paths=None, packages_up_to=None, packages_up_to_regex=None, packages_above=None, packages_above_and_dependencies=None, packages_above_depth=None, packages_select_by_dep=None, packages_skip_by_dep=None, packages_skip_up_to=None, packages_select_build_failed=False, packages_skip_build_finished=False, packages_select_test_failures=False, packages_skip_test_passed=False, packages_select=None, packages_skip=None, packages_select_regex=None, packages_skip_regex=None, packages_start=None, packages_end=None, cmake_args=None, cmake_target=None, cmake_target_skip_unavailable=False, cmake_clean_cache=False, cmake_clean_first=False, cmake_force_configure=False, ament_cmake_args=None, catkin_cmake_args=None, catkin_skip_building_tests=False, mixin_files=None, mixin=None, verb_parser=<colcon_mixin.mixin.mixin_argument.MixinArgumentDecorator object at 0x75a7bbf64a00>, verb_extension=<colcon_core.verb.build.BuildVerb object at 0x75a7bc075930>, main=<bound method BuildVerb.main of <colcon_core.verb.build.BuildVerb object at 0x75a7bc075930>>, mixin_verb=('build',))
[0.314s] Level 1:colcon.colcon_core.package_discovery:discover_packages(colcon_meta) check parameters
[0.314s] INFO:colcon.colcon_metadata.package_discovery.colcon_meta:Using configuration from '/root/.colcon/metadata/default/Gazebo.meta'
[0.315s] INFO:colcon.colcon_metadata.package_discovery.colcon_meta:Using configuration from '/root/.colcon/metadata/default/fastrtps.meta'
[0.315s] Level 1:colcon.colcon_core.package_discovery:discover_packages(recursive) check parameters
[0.315s] Level 1:colcon.colcon_core.package_discovery:discover_packages(ignore) check parameters
[0.315s] Level 1:colcon.colcon_core.package_discovery:discover_packages(path) check parameters
[0.315s] Level 1:colcon.colcon_core.package_discovery:discover_packages(colcon_meta) discover
[0.315s] Level 1:colcon.colcon_core.package_discovery:discover_packages(recursive) discover
[0.315s] INFO:colcon.colcon_core.package_discovery:Crawling recursively for packages in '/workspaces/ros2/swerve_robot'
[0.315s] Level 1:colcon.colcon_core.package_identification:_identify(.) by extensions ['ignore', 'ignore_ament_install']
[0.315s] Level 1:colcon.colcon_core.package_identification:_identify(.) by extension 'ignore'
[0.315s] Level 1:colcon.colcon_core.package_identification:_identify(.) by extension 'ignore_ament_install'
[0.315s] Level 1:colcon.colcon_core.package_identification:_identify(.) by extensions ['colcon_pkg']
[0.315s] Level 1:colcon.colcon_core.package_identification:_identify(.) by extension 'colcon_pkg'
[0.315s] Level 1:colcon.colcon_core.package_identification:_identify(.) by extensions ['colcon_meta']
[0.315s] Level 1:colcon.colcon_core.package_identification:_identify(.) by extension 'colcon_meta'
[0.315s] Level 1:colcon.colcon_core.package_identification:_identify(.) by extensions ['ros']
[0.315s] Level 1:colcon.colcon_core.package_identification:_identify(.) by extension 'ros'
[0.326s] Level 1:colcon.colcon_core.package_identification:_identify(.) by extensions ['cmake', 'python']
[0.326s] Level 1:colcon.colcon_core.package_identification:_identify(.) by extension 'cmake'
[0.326s] Level 1:colcon.colcon_core.package_identification:_identify(.) by extension 'python'
[0.326s] Level 1:colcon.colcon_core.package_identification:_identify(.) by extensions ['python_setup_py']
[0.326s] Level 1:colcon.colcon_core.package_identification:_identify(.) by extension 'python_setup_py'
[0.326s] Level 1:colcon.colcon_core.package_identification:_identify(build) by extensions ['ignore', 'ignore_ament_install']
[0.326s] Level 1:colcon.colcon_core.package_identification:_identify(build) by extension 'ignore'
[0.326s] Level 1:colcon.colcon_core.package_identification:_identify(build) ignored
[0.327s] Level 1:colcon.colcon_core.package_identification:_identify(install) by extensions ['ignore', 'ignore_ament_install']
[0.327s] Level 1:colcon.colcon_core.package_identification:_identify(install) by extension 'ignore'
[0.327s] Level 1:colcon.colcon_core.package_identification:_identify(install) ignored
[0.327s] Level 1:colcon.colcon_core.package_identification:_identify(log) by extensions ['ignore', 'ignore_ament_install']
[0.327s] Level 1:colcon.colcon_core.package_identification:_identify(log) by extension 'ignore'
[0.327s] Level 1:colcon.colcon_core.package_identification:_identify(log) ignored
[0.327s] Level 1:colcon.colcon_core.package_identification:_identify(src) by extensions ['ignore', 'ignore_ament_install']
[0.327s] Level 1:colcon.colcon_core.package_identification:_identify(src) by extension 'ignore'
[0.327s] Level 1:colcon.colcon_core.package_identification:_identify(src) by extension 'ignore_ament_install'
[0.327s] Level 1:colcon.colcon_core.package_identification:_identify(src) by extensions ['colcon_pkg']
[0.327s] Level 1:colcon.colcon_core.package_identification:_identify(src) by extension 'colcon_pkg'
[0.327s] Level 1:colcon.colcon_core.package_identification:_identify(src) by extensions ['colcon_meta']
[0.327s] Level 1:colcon.colcon_core.package_identification:_identify(src) by extension 'colcon_meta'
[0.327s] Level 1:colcon.colcon_core.package_identification:_identify(src) by extensions ['ros']
[0.327s] Level 1:colcon.colcon_core.package_identification:_identify(src) by extension 'ros'
[0.327s] Level 1:colcon.colcon_core.package_identification:_identify(src) by extensions ['cmake', 'python']
[0.327s] Level 1:colcon.colcon_core.package_identification:_identify(src) by extension 'cmake'
[0.327s] Level 1:colcon.colcon_core.package_identification:_identify(src) by extension 'python'
[0.327s] Level 1:colcon.colcon_core.package_identification:_identify(src) by extensions ['python_setup_py']
[0.327s] Level 1:colcon.colcon_core.package_identification:_identify(src) by extension 'python_setup_py'
[0.327s] Level 1:colcon.colcon_core.package_identification:_identify(src/swerve_controller) by extensions ['ignore', 'ignore_ament_install']
[0.327s] Level 1:colcon.colcon_core.package_identification:_identify(src/swerve_controller) by extension 'ignore'
[0.327s] Level 1:colcon.colcon_core.package_identification:_identify(src/swerve_controller) by extension 'ignore_ament_install'
[0.327s] Level 1:colcon.colcon_core.package_identification:_identify(src/swerve_controller) by extensions ['colcon_pkg']
[0.327s] Level 1:colcon.colcon_core.package_identification:_identify(src/swerve_controller) by extension 'colcon_pkg'
[0.327s] Level 1:colcon.colcon_core.package_identification:_identify(src/swerve_controller) by extensions ['colcon_meta']
[0.327s] Level 1:colcon.colcon_core.package_identification:_identify(src/swerve_controller) by extension 'colcon_meta'
[0.327s] Level 1:colcon.colcon_core.package_identification:_identify(src/swerve_controller) by extensions ['ros']
[0.327s] Level 1:colcon.colcon_core.package_identification:_identify(src/swerve_controller) by extension 'ros'
[0.331s] DEBUG:colcon.colcon_core.package_identification:Package 'src/swerve_controller' with type 'ros.ament_python' and name 'swerve_controller'
[0.331s] Level 1:colcon.colcon_core.package_identification:_identify(src/swerve_robot_description) by extensions ['ignore', 'ignore_ament_install']
[0.331s] Level 1:colcon.colcon_core.package_identification:_identify(src/swerve_robot_description) by extension 'ignore'
[0.331s] Level 1:colcon.colcon_core.package_identification:_identify(src/swerve_robot_description) by extension 'ignore_ament_install'
[0.331s] Level 1:colcon.colcon_core.package_identification:_identify(src/swerve_robot_description) by extensions ['colcon_pkg']
[0.331s] Level 1:colcon.colcon_core.package_identification:_identify(src/swerve_robot_description) by extension 'colcon_pkg'
[0.331s] Level 1:colcon.colcon_core.package_identification:_identify(src/swerve_robot_description) by extensions ['colcon_meta']
[0.331s] Level 1:colcon.colcon_core.package_identification:_identify(src/swerve_robot_description) by extension 'colcon_meta'
[0.331s] Level 1:colcon.colcon_core.package_identification:_identify(src/swerve_robot_description) by extensions ['ros']
[0.331s] Level 1:colcon.colcon_core.package_identification:_identify(src/swerve_robot_description) by extension 'ros'
[0.332s] DEBUG:colcon.colcon_core.package_identification:Package 'src/swerve_robot_description' with type 'ros.ament_cmake' and name 'swerve_robot_description'
[0.332s] Level 1:colcon.colcon_core.package_identification:_identify(src/swerve_robot_gazebo) by extensions ['ignore', 'ignore_ament_install']
[0.332s] Level 1:colcon.colcon_core.package_identification:_identify(src/swerve_robot_gazebo) by extension 'ignore'
[0.332s] Level 1:colcon.colcon_core.package_identification:_identify(src/swerve_robot_gazebo) by extension 'ignore_ament_install'
[0.332s] Level 1:colcon.colcon_core.package_identification:_identify(src/swerve_robot_gazebo) by extensions ['colcon_pkg']
[0.332s] Level 1:colcon.colcon_core.package_identification:_identify(src/swerve_robot_gazebo) by extension 'colcon_pkg'
[0.332s] Level 1:colcon.colcon_core.package_identification:_identify(src/swerve_robot_gazebo) by extensions ['colcon_meta']
[0.332s] Level 1:colcon.colcon_core.package_identification:_identify(src/swerve_robot_gazebo) by extension 'colcon_meta'
[0.332s] Level 1:colcon.colcon_core.package_identification:_identify(src/swerve_robot_gazebo) by extensions ['ros']
[0.332s] Level 1:colcon.colcon_core.package_identification:_identify(src/swerve_robot_gazebo) by extension 'ros'
[0.333s] DEBUG:colcon.colcon_core.package_identification:Package 'src/swerve_robot_gazebo' with type 'ros.ament_python' and name 'swerve_robot_gazebo'
[0.333s] Level 1:colcon.colcon_core.package_discovery:discover_packages(recursive) using defaults
[0.333s] Level 1:colcon.colcon_core.package_discovery:discover_packages(ignore) discover
[0.333s] Level 1:colcon.colcon_core.package_discovery:discover_packages(ignore) using defaults
[0.333s] Level 1:colcon.colcon_core.package_discovery:discover_packages(path) discover
[0.333s] Level 1:colcon.colcon_core.package_discovery:discover_packages(path) using defaults
[0.354s] Level 5:colcon.colcon_core.verb:set package 'swerve_controller' build argument 'cmake_args' from command line to 'None'
[0.354s] Level 5:colcon.colcon_core.verb:set package 'swerve_controller' build argument 'cmake_target' from command line to 'None'
[0.354s] Level 5:colcon.colcon_core.verb:set package 'swerve_controller' build argument 'cmake_target_skip_unavailable' from command line to 'False'
[0.354s] Level 5:colcon.colcon_core.verb:set package 'swerve_controller' build argument 'cmake_clean_cache' from command line to 'False'
[0.354s] Level 5:colcon.colcon_core.verb:set package 'swerve_controller' build argument 'cmake_clean_first' from command line to 'False'
[0.354s] Level 5:colcon.colcon_core.verb:set package 'swerve_controller' build argument 'cmake_force_configure' from command line to 'False'
[0.354s] Level 5:colcon.colcon_core.verb:set package 'swerve_controller' build argument 'ament_cmake_args' from command line to 'None'
[0.354s] Level 5:colcon.colcon_core.verb:set package 'swerve_controller' build argument 'catkin_cmake_args' from command line to 'None'
[0.354s] Level 5:colcon.colcon_core.verb:set package 'swerve_controller' build argument 'catkin_skip_building_tests' from command line to 'False'
[0.354s] DEBUG:colcon.colcon_core.verb:Building package 'swerve_controller' with the following arguments: {'ament_cmake_args': None, 'build_base': '/workspaces/ros2/swerve_robot/build/swerve_controller', 'catkin_cmake_args': None, 'catkin_skip_building_tests': False, 'cmake_args': None, 'cmake_clean_cache': False, 'cmake_clean_first': False, 'cmake_force_configure': False, 'cmake_target': None, 'cmake_target_skip_unavailable': False, 'install_base': '/workspaces/ros2/swerve_robot/install/swerve_controller', 'merge_install': False, 'path': '/workspaces/ros2/swerve_robot/src/swerve_controller', 'symlink_install': True, 'test_result_base': None}
[0.354s] Level 5:colcon.colcon_core.verb:set package 'swerve_robot_description' build argument 'cmake_args' from command line to 'None'
[0.354s] Level 5:colcon.colcon_core.verb:set package 'swerve_robot_description' build argument 'cmake_target' from command line to 'None'
[0.354s] Level 5:colcon.colcon_core.verb:set package 'swerve_robot_description' build argument 'cmake_target_skip_unavailable' from command line to 'False'
[0.354s] Level 5:colcon.colcon_core.verb:set package 'swerve_robot_description' build argument 'cmake_clean_cache' from command line to 'False'
[0.354s] Level 5:colcon.colcon_core.verb:set package 'swerve_robot_description' build argument 'cmake_clean_first' from command line to 'False'
[0.354s] Level 5:colcon.colcon_core.verb:set package 'swerve_robot_description' build argument 'cmake_force_configure' from command line to 'False'
[0.354s] Level 5:colcon.colcon_core.verb:set package 'swerve_robot_description' build argument 'ament_cmake_args' from command line to 'None'
[0.354s] Level 5:colcon.colcon_core.verb:set package 'swerve_robot_description' build argument 'catkin_cmake_args' from command line to 'None'
[0.354s] Level 5:colcon.colcon_core.verb:set package 'swerve_robot_description' build argument 'catkin_skip_building_tests' from command line to 'False'
[0.354s] DEBUG:colcon.colcon_core.verb:Building package 'swerve_robot_description' with the following arguments: {'ament_cmake_args': None, 'build_base': '/workspaces/ros2/swerve_robot/build/swerve_robot_description', 'catkin_cmake_args': None, 'catkin_skip_building_tests': False, 'cmake_args': None, 'cmake_clean_cache': False, 'cmake_clean_first': False, 'cmake_force_configure': False, 'cmake_target': None, 'cmake_target_skip_unavailable': False, 'install_base': '/workspaces/ros2/swerve_robot/install/swerve_robot_description', 'merge_install': False, 'path': '/workspaces/ros2/swerve_robot/src/swerve_robot_description', 'symlink_install': True, 'test_result_base': None}
[0.355s] Level 5:colcon.colcon_core.verb:set package 'swerve_robot_gazebo' build argument 'cmake_args' from command line to 'None'
[0.355s] Level 5:colcon.colcon_core.verb:set package 'swerve_robot_gazebo' build argument 'cmake_target' from command line to 'None'
[0.355s] Level 5:colcon.colcon_core.verb:set package 'swerve_robot_gazebo' build argument 'cmake_target_skip_unavailable' from command line to 'False'
[0.355s] Level 5:colcon.colcon_core.verb:set package 'swerve_robot_gazebo' build argument 'cmake_clean_cache' from command line to 'False'
[0.355s] Level 5:colcon.colcon_core.verb:set package 'swerve_robot_gazebo' build argument 'cmake_clean_first' from command line to 'False'
[0.355s] Level 5:colcon.colcon_core.verb:set package 'swerve_robot_gazebo' build argument 'cmake_force_configure' from command line to 'False'
[0.355s] Level 5:colcon.colcon_core.verb:set package 'swerve_robot_gazebo' build argument 'ament_cmake_args' from command line to 'None'
[0.355s] Level 5:colcon.colcon_core.verb:set package 'swerve_robot_gazebo' build argument 'catkin_cmake_args' from command line to 'None'
[0.355s] Level 5:colcon.colcon_core.verb:set package 'swerve_robot_gazebo' build argument 'catkin_skip_building_tests' from command line to 'False'
[0.355s] DEBUG:colcon.colcon_core.verb:Building package 'swerve_robot_gazebo' with the following arguments: {'ament_cmake_args': None, 'build_base': '/workspaces/ros2/swerve_robot/build/swerve_robot_gazebo', 'catkin_cmake_args': None, 'catkin_skip_building_tests': False, 'cmake_args': None, 'cmake_clean_cache': False, 'cmake_clean_first': False, 'cmake_force_configure': False, 'cmake_target': None, 'cmake_target_skip_unavailable': False, 'install_base': '/workspaces/ros2/swerve_robot/install/swerve_robot_gazebo', 'merge_install': False, 'path': '/workspaces/ros2/swerve_robot/src/swerve_robot_gazebo', 'symlink_install': True, 'test_result_base': None}
[0.355s] INFO:colcon.colcon_core.executor:Executing jobs using 'parallel' executor
[0.356s] DEBUG:colcon.colcon_parallel_executor.executor.parallel:run_until_complete
[0.356s] INFO:colcon.colcon_ros.task.ament_python.build:Building ROS package in '/workspaces/ros2/swerve_robot/src/swerve_controller' with build type 'ament_python'
[0.356s] Level 1:colcon.colcon_core.shell:create_environment_hook('swerve_controller', 'ament_prefix_path')
[0.359s] INFO:colcon.colcon_core.plugin_system:Skipping extension 'colcon_core.shell.bat': Not used on non-Windows systems
[0.359s] INFO:colcon.colcon_core.shell:Creating environment hook '/workspaces/ros2/swerve_robot/install/swerve_controller/share/swerve_controller/hook/ament_prefix_path.ps1'
[0.360s] INFO:colcon.colcon_core.shell:Creating environment descriptor '/workspaces/ros2/swerve_robot/install/swerve_controller/share/swerve_controller/hook/ament_prefix_path.dsv'
[0.360s] INFO:colcon.colcon_core.shell:Creating environment hook '/workspaces/ros2/swerve_robot/install/swerve_controller/share/swerve_controller/hook/ament_prefix_path.sh'
[0.361s] INFO:colcon.colcon_core.shell:Skip shell extension 'powershell' for command environment: Not usable outside of PowerShell
[0.361s] DEBUG:colcon.colcon_core.shell:Skip shell extension 'dsv' for command environment
[0.374s] INFO:colcon.colcon_ros.task.ament_cmake.build:Building ROS package in '/workspaces/ros2/swerve_robot/src/swerve_robot_description' with build type 'ament_cmake'
[0.374s] INFO:colcon.colcon_cmake.task.cmake.build:Building CMake package in '/workspaces/ros2/swerve_robot/src/swerve_robot_description'
[0.375s] INFO:colcon.colcon_core.shell:Skip shell extension 'powershell' for command environment: Not usable outside of PowerShell
[0.375s] DEBUG:colcon.colcon_core.shell:Skip shell extension 'dsv' for command environment
[0.578s] INFO:colcon.colcon_core.task.python.build:Building Python package in '/workspaces/ros2/swerve_robot/src/swerve_controller'
[0.578s] INFO:colcon.colcon_core.shell:Skip shell extension 'powershell' for command environment: Not usable outside of PowerShell
[0.578s] DEBUG:colcon.colcon_core.shell:Skip shell extension 'dsv' for command environment
[0.588s] DEBUG:colcon.colcon_core.event_handler.log_command:Invoking command in '/workspaces/ros2/swerve_robot/build/swerve_robot_description': CMAKE_PREFIX_PATH=${CMAKE_PREFIX_PATH}:/workspaces/ros2/turtlebot3_ws/install/turtlebot3_teleop:/workspaces/ros2/turtlebot3_ws/install/turtlebot3_example:/workspaces/ros2/ros2_ws/install/turtlebot3_static_path:/opt/ros/humble /usr/bin/cmake /workspaces/ros2/swerve_robot/src/swerve_robot_description -DAMENT_CMAKE_SYMLINK_INSTALL=1 -DCMAKE_INSTALL_PREFIX=/workspaces/ros2/swerve_robot/install/swerve_robot_description
[0.958s] DEBUG:colcon.colcon_core.event_handler.log_command:Invoking command in '/workspaces/ros2/swerve_robot/build/swerve_controller': PYTHONPATH=/workspaces/ros2/swerve_robot/build/swerve_controller/prefix_override:/usr/lib/python3/dist-packages/colcon_core/task/python/colcon_distutils_commands:/workspaces/ros2/swerve_robot/install/swerve_controller/lib/python3.10/site-packages:${PYTHONPATH} /usr/bin/python3 -W ignore:setup.py install is deprecated -W ignore:easy_install command is deprecated setup.py develop --editable --build-directory /workspaces/ros2/swerve_robot/build/swerve_controller/build --no-deps symlink_data
[1.292s] Level 1:colcon.colcon_core.shell:create_environment_hook('swerve_controller', 'pythonpath_develop')
[1.292s] INFO:colcon.colcon_core.shell:Creating environment hook '/workspaces/ros2/swerve_robot/build/swerve_controller/share/swerve_controller/hook/pythonpath_develop.ps1'
[1.292s] DEBUG:colcon.colcon_core.event_handler.log_command:Invoked command in '/workspaces/ros2/swerve_robot/build/swerve_controller' returned '0': PYTHONPATH=/workspaces/ros2/swerve_robot/build/swerve_controller/prefix_override:/usr/lib/python3/dist-packages/colcon_core/task/python/colcon_distutils_commands:/workspaces/ros2/swerve_robot/install/swerve_controller/lib/python3.10/site-packages:${PYTHONPATH} /usr/bin/python3 -W ignore:setup.py install is deprecated -W ignore:easy_install command is deprecated setup.py develop --editable --build-directory /workspaces/ros2/swerve_robot/build/swerve_controller/build --no-deps symlink_data
[1.293s] INFO:colcon.colcon_core.shell:Creating environment descriptor '/workspaces/ros2/swerve_robot/build/swerve_controller/share/swerve_controller/hook/pythonpath_develop.dsv'
[1.293s] INFO:colcon.colcon_core.shell:Creating environment hook '/workspaces/ros2/swerve_robot/build/swerve_controller/share/swerve_controller/hook/pythonpath_develop.sh'
[1.297s] Level 1:colcon.colcon_core.environment:checking '/workspaces/ros2/swerve_robot/install/swerve_controller' for CMake module files
[1.297s] Level 1:colcon.colcon_core.environment:checking '/workspaces/ros2/swerve_robot/install/swerve_controller' for CMake config files
[1.298s] Level 1:colcon.colcon_core.environment:checking '/workspaces/ros2/swerve_robot/install/swerve_controller/lib'
[1.298s] Level 1:colcon.colcon_core.environment:checking '/workspaces/ros2/swerve_robot/install/swerve_controller/bin'
[1.298s] Level 1:colcon.colcon_core.environment:checking '/workspaces/ros2/swerve_robot/install/swerve_controller/lib/pkgconfig/swerve_controller.pc'
[1.298s] Level 1:colcon.colcon_core.environment:checking '/workspaces/ros2/swerve_robot/install/swerve_controller/lib/python3.10/site-packages'
[1.298s] Level 1:colcon.colcon_core.shell:create_environment_hook('swerve_controller', 'pythonpath')
[1.298s] INFO:colcon.colcon_core.shell:Creating environment hook '/workspaces/ros2/swerve_robot/install/swerve_controller/share/swerve_controller/hook/pythonpath.ps1'
[1.298s] INFO:colcon.colcon_core.shell:Creating environment descriptor '/workspaces/ros2/swerve_robot/install/swerve_controller/share/swerve_controller/hook/pythonpath.dsv'
[1.299s] INFO:colcon.colcon_core.shell:Creating environment hook '/workspaces/ros2/swerve_robot/install/swerve_controller/share/swerve_controller/hook/pythonpath.sh'
[1.299s] Level 1:colcon.colcon_core.environment:checking '/workspaces/ros2/swerve_robot/install/swerve_controller/bin'
[1.299s] Level 1:colcon.colcon_core.environment:create_environment_scripts_only(swerve_controller)
[1.299s] INFO:colcon.colcon_core.shell:Creating package script '/workspaces/ros2/swerve_robot/install/swerve_controller/share/swerve_controller/package.ps1'
[1.300s] INFO:colcon.colcon_core.shell:Creating package descriptor '/workspaces/ros2/swerve_robot/install/swerve_controller/share/swerve_controller/package.dsv'
[1.301s] INFO:colcon.colcon_core.shell:Creating package script '/workspaces/ros2/swerve_robot/install/swerve_controller/share/swerve_controller/package.sh'
[1.301s] INFO:colcon.colcon_core.shell:Creating package script '/workspaces/ros2/swerve_robot/install/swerve_controller/share/swerve_controller/package.bash'
[1.302s] INFO:colcon.colcon_core.shell:Creating package script '/workspaces/ros2/swerve_robot/install/swerve_controller/share/swerve_controller/package.zsh'
[1.302s] Level 1:colcon.colcon_core.environment:create_file_with_runtime_dependencies(/workspaces/ros2/swerve_robot/install/swerve_controller/share/colcon-core/packages/swerve_controller)
[1.420s] DEBUG:colcon.colcon_core.event_handler.log_command:Invoked command in '/workspaces/ros2/swerve_robot/build/swerve_robot_description' returned '0': CMAKE_PREFIX_PATH=${CMAKE_PREFIX_PATH}:/workspaces/ros2/turtlebot3_ws/install/turtlebot3_teleop:/workspaces/ros2/turtlebot3_ws/install/turtlebot3_example:/workspaces/ros2/ros2_ws/install/turtlebot3_static_path:/opt/ros/humble /usr/bin/cmake /workspaces/ros2/swerve_robot/src/swerve_robot_description -DAMENT_CMAKE_SYMLINK_INSTALL=1 -DCMAKE_INSTALL_PREFIX=/workspaces/ros2/swerve_robot/install/swerve_robot_description
[1.422s] DEBUG:colcon.colcon_core.event_handler.log_command:Invoking command in '/workspaces/ros2/swerve_robot/build/swerve_robot_description': CMAKE_PREFIX_PATH=${CMAKE_PREFIX_PATH}:/workspaces/ros2/turtlebot3_ws/install/turtlebot3_teleop:/workspaces/ros2/turtlebot3_ws/install/turtlebot3_example:/workspaces/ros2/ros2_ws/install/turtlebot3_static_path:/opt/ros/humble /usr/bin/cmake --build /workspaces/ros2/swerve_robot/build/swerve_robot_description -- -j8 -l8
[1.453s] DEBUG:colcon.colcon_core.event_handler.log_command:Invoked command in '/workspaces/ros2/swerve_robot/build/swerve_robot_description' returned '0': CMAKE_PREFIX_PATH=${CMAKE_PREFIX_PATH}:/workspaces/ros2/turtlebot3_ws/install/turtlebot3_teleop:/workspaces/ros2/turtlebot3_ws/install/turtlebot3_example:/workspaces/ros2/ros2_ws/install/turtlebot3_static_path:/opt/ros/humble /usr/bin/cmake --build /workspaces/ros2/swerve_robot/build/swerve_robot_description -- -j8 -l8
[1.461s] DEBUG:colcon.colcon_core.event_handler.log_command:Invoking command in '/workspaces/ros2/swerve_robot/build/swerve_robot_description': CMAKE_PREFIX_PATH=${CMAKE_PREFIX_PATH}:/workspaces/ros2/turtlebot3_ws/install/turtlebot3_teleop:/workspaces/ros2/turtlebot3_ws/install/turtlebot3_example:/workspaces/ros2/ros2_ws/install/turtlebot3_static_path:/opt/ros/humble /usr/bin/cmake --install /workspaces/ros2/swerve_robot/build/swerve_robot_description
[1.724s] Level 1:colcon.colcon_core.environment:create_environment_scripts_only(swerve_robot_description)
[1.724s] Level 1:colcon.colcon_core.environment:checking '/workspaces/ros2/swerve_robot/install/swerve_robot_description' for CMake module files
[1.724s] DEBUG:colcon.colcon_core.event_handler.log_command:Invoked command in '/workspaces/ros2/swerve_robot/build/swerve_robot_description' returned '0': CMAKE_PREFIX_PATH=${CMAKE_PREFIX_PATH}:/workspaces/ros2/turtlebot3_ws/install/turtlebot3_teleop:/workspaces/ros2/turtlebot3_ws/install/turtlebot3_example:/workspaces/ros2/ros2_ws/install/turtlebot3_static_path:/opt/ros/humble /usr/bin/cmake --install /workspaces/ros2/swerve_robot/build/swerve_robot_description
[1.725s] Level 1:colcon.colcon_core.environment:checking '/workspaces/ros2/swerve_robot/install/swerve_robot_description' for CMake config files
[1.725s] Level 1:colcon.colcon_core.shell:create_environment_hook('swerve_robot_description', 'cmake_prefix_path')
[1.725s] INFO:colcon.colcon_core.shell:Creating environment hook '/workspaces/ros2/swerve_robot/install/swerve_robot_description/share/swerve_robot_description/hook/cmake_prefix_path.ps1'
[1.725s] INFO:colcon.colcon_core.shell:Creating environment descriptor '/workspaces/ros2/swerve_robot/install/swerve_robot_description/share/swerve_robot_description/hook/cmake_prefix_path.dsv'
[1.726s] INFO:colcon.colcon_core.shell:Creating environment hook '/workspaces/ros2/swerve_robot/install/swerve_robot_description/share/swerve_robot_description/hook/cmake_prefix_path.sh'
[1.726s] Level 1:colcon.colcon_core.environment:checking '/workspaces/ros2/swerve_robot/install/swerve_robot_description/bin'
[1.726s] Level 1:colcon.colcon_core.environment:checking '/workspaces/ros2/swerve_robot/install/swerve_robot_description/lib/pkgconfig/swerve_robot_description.pc'
[1.726s] Level 1:colcon.colcon_core.environment:checking '/workspaces/ros2/swerve_robot/install/swerve_robot_description/lib/python3.10/site-packages'
[1.726s] Level 1:colcon.colcon_core.environment:checking '/workspaces/ros2/swerve_robot/install/swerve_robot_description/bin'
[1.726s] INFO:colcon.colcon_core.shell:Creating package script '/workspaces/ros2/swerve_robot/install/swerve_robot_description/share/swerve_robot_description/package.ps1'
[1.727s] INFO:colcon.colcon_core.shell:Creating package descriptor '/workspaces/ros2/swerve_robot/install/swerve_robot_description/share/swerve_robot_description/package.dsv'
[1.727s] INFO:colcon.colcon_core.shell:Creating package script '/workspaces/ros2/swerve_robot/install/swerve_robot_description/share/swerve_robot_description/package.sh'
[1.727s] INFO:colcon.colcon_core.shell:Creating package script '/workspaces/ros2/swerve_robot/install/swerve_robot_description/share/swerve_robot_description/package.bash'
[1.727s] INFO:colcon.colcon_core.shell:Creating package script '/workspaces/ros2/swerve_robot/install/swerve_robot_description/share/swerve_robot_description/package.zsh'
[1.728s] Level 1:colcon.colcon_core.environment:create_file_with_runtime_dependencies(/workspaces/ros2/swerve_robot/install/swerve_robot_description/share/colcon-core/packages/swerve_robot_description)
[1.728s] Level 1:colcon.colcon_core.environment:create_environment_scripts_only(swerve_robot_description)
[1.728s] Level 1:colcon.colcon_core.environment:checking '/workspaces/ros2/swerve_robot/install/swerve_robot_description' for CMake module files
[1.728s] Level 1:colcon.colcon_core.environment:checking '/workspaces/ros2/swerve_robot/install/swerve_robot_description' for CMake config files
[1.729s] Level 1:colcon.colcon_core.shell:create_environment_hook('swerve_robot_description', 'cmake_prefix_path')
[1.729s] INFO:colcon.colcon_core.shell:Creating environment hook '/workspaces/ros2/swerve_robot/install/swerve_robot_description/share/swerve_robot_description/hook/cmake_prefix_path.ps1'
[1.729s] INFO:colcon.colcon_core.shell:Creating environment descriptor '/workspaces/ros2/swerve_robot/install/swerve_robot_description/share/swerve_robot_description/hook/cmake_prefix_path.dsv'
[1.729s] INFO:colcon.colcon_core.shell:Creating environment hook '/workspaces/ros2/swerve_robot/install/swerve_robot_description/share/swerve_robot_description/hook/cmake_prefix_path.sh'
[1.730s] Level 1:colcon.colcon_core.environment:checking '/workspaces/ros2/swerve_robot/install/swerve_robot_description/bin'
[1.730s] Level 1:colcon.colcon_core.environment:checking '/workspaces/ros2/swerve_robot/install/swerve_robot_description/lib/pkgconfig/swerve_robot_description.pc'
[1.730s] Level 1:colcon.colcon_core.environment:checking '/workspaces/ros2/swerve_robot/install/swerve_robot_description/lib/python3.10/site-packages'
[1.730s] Level 1:colcon.colcon_core.environment:checking '/workspaces/ros2/swerve_robot/install/swerve_robot_description/bin'
[1.730s] INFO:colcon.colcon_core.shell:Creating package script '/workspaces/ros2/swerve_robot/install/swerve_robot_description/share/swerve_robot_description/package.ps1'
[1.730s] INFO:colcon.colcon_core.shell:Creating package descriptor '/workspaces/ros2/swerve_robot/install/swerve_robot_description/share/swerve_robot_description/package.dsv'
[1.731s] INFO:colcon.colcon_core.shell:Creating package script '/workspaces/ros2/swerve_robot/install/swerve_robot_description/share/swerve_robot_description/package.sh'
[1.731s] INFO:colcon.colcon_core.shell:Creating package script '/workspaces/ros2/swerve_robot/install/swerve_robot_description/share/swerve_robot_description/package.bash'
[1.731s] INFO:colcon.colcon_core.shell:Creating package script '/workspaces/ros2/swerve_robot/install/swerve_robot_description/share/swerve_robot_description/package.zsh'
[1.731s] Level 1:colcon.colcon_core.environment:create_file_with_runtime_dependencies(/workspaces/ros2/swerve_robot/install/swerve_robot_description/share/colcon-core/packages/swerve_robot_description)
[1.739s] INFO:colcon.colcon_ros.task.ament_python.build:Building ROS package in '/workspaces/ros2/swerve_robot/src/swerve_robot_gazebo' with build type 'ament_python'
[1.740s] Level 1:colcon.colcon_core.shell:create_environment_hook('swerve_robot_gazebo', 'ament_prefix_path')
[1.740s] INFO:colcon.colcon_core.shell:Creating environment hook '/workspaces/ros2/swerve_robot/install/swerve_robot_gazebo/share/swerve_robot_gazebo/hook/ament_prefix_path.ps1'
[1.741s] INFO:colcon.colcon_core.shell:Creating environment descriptor '/workspaces/ros2/swerve_robot/install/swerve_robot_gazebo/share/swerve_robot_gazebo/hook/ament_prefix_path.dsv'
[1.741s] INFO:colcon.colcon_core.shell:Creating environment hook '/workspaces/ros2/swerve_robot/install/swerve_robot_gazebo/share/swerve_robot_gazebo/hook/ament_prefix_path.sh'
[1.741s] INFO:colcon.colcon_core.shell:Skip shell extension 'powershell' for command environment: Not usable outside of PowerShell
[1.741s] DEBUG:colcon.colcon_core.shell:Skip shell extension 'dsv' for command environment
[1.953s] INFO:colcon.colcon_core.task.python.build:Building Python package in '/workspaces/ros2/swerve_robot/src/swerve_robot_gazebo'
[1.953s] INFO:colcon.colcon_core.shell:Skip shell extension 'powershell' for command environment: Not usable outside of PowerShell
[1.953s] DEBUG:colcon.colcon_core.shell:Skip shell extension 'dsv' for command environment
[2.292s] DEBUG:colcon.colcon_core.event_handler.log_command:Invoking command in '/workspaces/ros2/swerve_robot/build/swerve_robot_gazebo': AMENT_PREFIX_PATH=/workspaces/ros2/swerve_robot/install/swerve_robot_description:/workspaces/ros2/swerve_robot/install/swerve_controller:${AMENT_PREFIX_PATH} CMAKE_PREFIX_PATH=/workspaces/ros2/swerve_robot/install/swerve_robot_description:${CMAKE_PREFIX_PATH} PYTHONPATH=/workspaces/ros2/swerve_robot/build/swerve_robot_gazebo/prefix_override:/usr/lib/python3/dist-packages/colcon_core/task/python/colcon_distutils_commands:/workspaces/ros2/swerve_robot/install/swerve_robot_gazebo/lib/python3.10/site-packages:/workspaces/ros2/swerve_robot/build/swerve_controller:/workspaces/ros2/swerve_robot/install/swerve_controller/lib/python3.10/site-packages:${PYTHONPATH} /usr/bin/python3 -W ignore:setup.py install is deprecated -W ignore:easy_install command is deprecated setup.py develop --editable --build-directory /workspaces/ros2/swerve_robot/build/swerve_robot_gazebo/build --no-deps symlink_data
[2.652s] Level 1:colcon.colcon_core.shell:create_environment_hook('swerve_robot_gazebo', 'pythonpath_develop')
[2.653s] INFO:colcon.colcon_core.shell:Creating environment hook '/workspaces/ros2/swerve_robot/build/swerve_robot_gazebo/share/swerve_robot_gazebo/hook/pythonpath_develop.ps1'
[2.653s] INFO:colcon.colcon_core.shell:Creating environment descriptor '/workspaces/ros2/swerve_robot/build/swerve_robot_gazebo/share/swerve_robot_gazebo/hook/pythonpath_develop.dsv'
[2.654s] INFO:colcon.colcon_core.shell:Creating environment hook '/workspaces/ros2/swerve_robot/build/swerve_robot_gazebo/share/swerve_robot_gazebo/hook/pythonpath_develop.sh'
[2.654s] Level 1:colcon.colcon_core.environment:checking '/workspaces/ros2/swerve_robot/install/swerve_robot_gazebo' for CMake module files
[2.655s] DEBUG:colcon.colcon_core.event_handler.log_command:Invoked command in '/workspaces/ros2/swerve_robot/build/swerve_robot_gazebo' returned '0': AMENT_PREFIX_PATH=/workspaces/ros2/swerve_robot/install/swerve_robot_description:/workspaces/ros2/swerve_robot/install/swerve_controller:${AMENT_PREFIX_PATH} CMAKE_PREFIX_PATH=/workspaces/ros2/swerve_robot/install/swerve_robot_description:${CMAKE_PREFIX_PATH} PYTHONPATH=/workspaces/ros2/swerve_robot/build/swerve_robot_gazebo/prefix_override:/usr/lib/python3/dist-packages/colcon_core/task/python/colcon_distutils_commands:/workspaces/ros2/swerve_robot/install/swerve_robot_gazebo/lib/python3.10/site-packages:/workspaces/ros2/swerve_robot/build/swerve_controller:/workspaces/ros2/swerve_robot/install/swerve_controller/lib/python3.10/site-packages:${PYTHONPATH} /usr/bin/python3 -W ignore:setup.py install is deprecated -W ignore:easy_install command is deprecated setup.py develop --editable --build-directory /workspaces/ros2/swerve_robot/build/swerve_robot_gazebo/build --no-deps symlink_data
[2.655s] Level 1:colcon.colcon_core.environment:checking '/workspaces/ros2/swerve_robot/install/swerve_robot_gazebo' for CMake config files
[2.656s] Level 1:colcon.colcon_core.environment:checking '/workspaces/ros2/swerve_robot/install/swerve_robot_gazebo/lib'
[2.656s] Level 1:colcon.colcon_core.environment:checking '/workspaces/ros2/swerve_robot/install/swerve_robot_gazebo/bin'
[2.656s] Level 1:colcon.colcon_core.environment:checking '/workspaces/ros2/swerve_robot/install/swerve_robot_gazebo/lib/pkgconfig/swerve_robot_gazebo.pc'
[2.656s] Level 1:colcon.colcon_core.environment:checking '/workspaces/ros2/swerve_robot/install/swerve_robot_gazebo/lib/python3.10/site-packages'
[2.656s] Level 1:colcon.colcon_core.shell:create_environment_hook('swerve_robot_gazebo', 'pythonpath')
[2.656s] INFO:colcon.colcon_core.shell:Creating environment hook '/workspaces/ros2/swerve_robot/install/swerve_robot_gazebo/share/swerve_robot_gazebo/hook/pythonpath.ps1'
[2.657s] INFO:colcon.colcon_core.shell:Creating environment descriptor '/workspaces/ros2/swerve_robot/install/swerve_robot_gazebo/share/swerve_robot_gazebo/hook/pythonpath.dsv'
[2.657s] INFO:colcon.colcon_core.shell:Creating environment hook '/workspaces/ros2/swerve_robot/install/swerve_robot_gazebo/share/swerve_robot_gazebo/hook/pythonpath.sh'
[2.658s] Level 1:colcon.colcon_core.environment:checking '/workspaces/ros2/swerve_robot/install/swerve_robot_gazebo/bin'
[2.658s] Level 1:colcon.colcon_core.environment:create_environment_scripts_only(swerve_robot_gazebo)
[2.658s] INFO:colcon.colcon_core.shell:Creating package script '/workspaces/ros2/swerve_robot/install/swerve_robot_gazebo/share/swerve_robot_gazebo/package.ps1'
[2.659s] INFO:colcon.colcon_core.shell:Creating package descriptor '/workspaces/ros2/swerve_robot/install/swerve_robot_gazebo/share/swerve_robot_gazebo/package.dsv'
[2.659s] INFO:colcon.colcon_core.shell:Creating package script '/workspaces/ros2/swerve_robot/install/swerve_robot_gazebo/share/swerve_robot_gazebo/package.sh'
[2.660s] INFO:colcon.colcon_core.shell:Creating package script '/workspaces/ros2/swerve_robot/install/swerve_robot_gazebo/share/swerve_robot_gazebo/package.bash'
[2.660s] INFO:colcon.colcon_core.shell:Creating package script '/workspaces/ros2/swerve_robot/install/swerve_robot_gazebo/share/swerve_robot_gazebo/package.zsh'
[2.660s] Level 1:colcon.colcon_core.environment:create_file_with_runtime_dependencies(/workspaces/ros2/swerve_robot/install/swerve_robot_gazebo/share/colcon-core/packages/swerve_robot_gazebo)
[2.661s] DEBUG:colcon.colcon_parallel_executor.executor.parallel:closing loop
[2.661s] DEBUG:colcon.colcon_parallel_executor.executor.parallel:loop closed
[2.661s] DEBUG:colcon.colcon_parallel_executor.executor.parallel:run_until_complete finished with '0'
[2.661s] DEBUG:colcon.colcon_core.event_reactor:joining thread
[2.679s] INFO:colcon.colcon_core.plugin_system:Skipping extension 'colcon_notification.desktop_notification.notify_send': Could not find 'notify-send'
[2.679s] INFO:colcon.colcon_core.plugin_system:Skipping extension 'colcon_notification.desktop_notification.terminal_notifier': Not used on non-Darwin systems
[2.679s] INFO:colcon.colcon_core.plugin_system:Skipping extension 'colcon_notification.desktop_notification.win32': Not used on non-Windows systems
[2.680s] INFO:colcon.colcon_notification.desktop_notification:Sending desktop notification using 'notify2'
[2.689s] DEBUG:colcon.colcon_notification.desktop_notification.notify2:Failed to initialize notify2: org.freedesktop.DBus.Error.Spawn.ExecFailed: /usr/bin/dbus-launch terminated abnormally without any error message
[2.689s] DEBUG:colcon.colcon_core.event_reactor:joined thread
[2.690s] INFO:colcon.colcon_core.shell:Creating prefix script '/workspaces/ros2/swerve_robot/install/local_setup.ps1'
[2.693s] INFO:colcon.colcon_core.shell:Creating prefix util module '/workspaces/ros2/swerve_robot/install/_local_setup_util_ps1.py'
[2.697s] INFO:colcon.colcon_core.shell:Creating prefix chain script '/workspaces/ros2/swerve_robot/install/setup.ps1'
[2.703s] INFO:colcon.colcon_core.shell:Creating prefix script '/workspaces/ros2/swerve_robot/install/local_setup.sh'
[2.704s] INFO:colcon.colcon_core.shell:Creating prefix util module '/workspaces/ros2/swerve_robot/install/_local_setup_util_sh.py'
[2.705s] INFO:colcon.colcon_core.shell:Creating prefix chain script '/workspaces/ros2/swerve_robot/install/setup.sh'
[2.710s] INFO:colcon.colcon_core.shell:Creating prefix script '/workspaces/ros2/swerve_robot/install/local_setup.bash'
[2.711s] INFO:colcon.colcon_core.shell:Creating prefix chain script '/workspaces/ros2/swerve_robot/install/setup.bash'
[2.714s] INFO:colcon.colcon_core.shell:Creating prefix script '/workspaces/ros2/swerve_robot/install/local_setup.zsh'
[2.716s] INFO:colcon.colcon_core.shell:Creating prefix chain script '/workspaces/ros2/swerve_robot/install/setup.zsh'
