[1.928s] Invoking command in '/workspaces/ros2/swerve_robot/src/swerve_controller': PYTHONPATH=/workspaces/ros2/swerve_robot/build/swerve_controller/prefix_override:/usr/lib/python3/dist-packages/colcon_core/task/python/colcon_distutils_commands:/workspaces/ros2/swerve_robot/install/swerve_controller/lib/python3.10/site-packages:${PYTHONPATH} /usr/bin/python3 -W ignore:setup.py install is deprecated -W ignore:easy_install command is deprecated setup.py egg_info --egg-base ../../build/swerve_controller build --build-base /workspaces/ros2/swerve_robot/build/swerve_controller/build install --record /workspaces/ros2/swerve_robot/build/swerve_controller/install.log --single-version-externally-managed install_data
[2.640s] running egg_info
[2.642s] writing ../../build/swerve_controller/swerve_controller.egg-info/PKG-INFO
[2.642s] writing dependency_links to ../../build/swerve_controller/swerve_controller.egg-info/dependency_links.txt
[2.643s] writing entry points to ../../build/swerve_controller/swerve_controller.egg-info/entry_points.txt
[2.643s] writing requirements to ../../build/swerve_controller/swerve_controller.egg-info/requires.txt
[2.643s] writing top-level names to ../../build/swerve_controller/swerve_controller.egg-info/top_level.txt
[2.647s] reading manifest file '../../build/swerve_controller/swerve_controller.egg-info/SOURCES.txt'
[2.651s] writing manifest file '../../build/swerve_controller/swerve_controller.egg-info/SOURCES.txt'
[2.652s] running build
[2.652s] running build_py
[2.652s] running install
[2.652s] running install_lib
[2.657s] running install_data
[2.658s] running install_egg_info
[2.662s] removing '/workspaces/ros2/swerve_robot/install/swerve_controller/lib/python3.10/site-packages/swerve_controller-0.1.0-py3.10.egg-info' (and everything under it)
[2.663s] Copying ../../build/swerve_controller/swerve_controller.egg-info to /workspaces/ros2/swerve_robot/install/swerve_controller/lib/python3.10/site-packages/swerve_controller-0.1.0-py3.10.egg-info
[2.665s] running install_scripts
[2.729s] Installing wheel_cmd_publisher script to /workspaces/ros2/swerve_robot/install/swerve_controller/lib/swerve_controller
[2.729s] Installing wheel_odometry script to /workspaces/ros2/swerve_robot/install/swerve_controller/lib/swerve_controller
[2.730s] writing list of installed files to '/workspaces/ros2/swerve_robot/build/swerve_controller/install.log'
[2.789s] Invoked command in '/workspaces/ros2/swerve_robot/src/swerve_controller' returned '0': PYTHONPATH=/workspaces/ros2/swerve_robot/build/swerve_controller/prefix_override:/usr/lib/python3/dist-packages/colcon_core/task/python/colcon_distutils_commands:/workspaces/ros2/swerve_robot/install/swerve_controller/lib/python3.10/site-packages:${PYTHONPATH} /usr/bin/python3 -W ignore:setup.py install is deprecated -W ignore:easy_install command is deprecated setup.py egg_info --egg-base ../../build/swerve_controller build --build-base /workspaces/ros2/swerve_robot/build/swerve_controller/build install --record /workspaces/ros2/swerve_robot/build/swerve_controller/install.log --single-version-externally-managed install_data
