[0.513s] Invoking command in '/workspaces/ros2/swerve_robot/src/swerve_controller': PYTHONPATH=/workspaces/ros2/swerve_robot/build/swerve_controller/prefix_override:/usr/lib/python3/dist-packages/colcon_core/task/python/colcon_distutils_commands:/workspaces/ros2/swerve_robot/install/swerve_controller/lib/python3.10/site-packages:${PYTHONPATH} /usr/bin/python3 -W ignore:setup.py install is deprecated -W ignore:easy_install command is deprecated setup.py egg_info --egg-base ../../build/swerve_controller build --build-base /workspaces/ros2/swerve_robot/build/swerve_controller/build install --record /workspaces/ros2/swerve_robot/build/swerve_controller/install.log --single-version-externally-managed install_data
[0.706s] running egg_info
[0.706s] writing ../../build/swerve_controller/swerve_controller.egg-info/PKG-INFO
[0.707s] writing dependency_links to ../../build/swerve_controller/swerve_controller.egg-info/dependency_links.txt
[0.707s] writing entry points to ../../build/swerve_controller/swerve_controller.egg-info/entry_points.txt
[0.707s] writing requirements to ../../build/swerve_controller/swerve_controller.egg-info/requires.txt
[0.707s] writing top-level names to ../../build/swerve_controller/swerve_controller.egg-info/top_level.txt
[0.708s] reading manifest file '../../build/swerve_controller/swerve_controller.egg-info/SOURCES.txt'
[0.709s] writing manifest file '../../build/swerve_controller/swerve_controller.egg-info/SOURCES.txt'
[0.709s] running build
[0.709s] running build_py
[0.709s] running install
[0.709s] running install_lib
[0.711s] running install_data
[0.711s] copying swerve_controller/__init__.py -> /workspaces/ros2/swerve_robot/install/swerve_controller/share/swerve_controller/swerve_controller
[0.711s] copying swerve_controller/swerve_joints.py -> /workspaces/ros2/swerve_robot/install/swerve_controller/share/swerve_controller/swerve_controller
[0.717s] copying swerve_controller/swerve_commander.py -> /workspaces/ros2/swerve_robot/install/swerve_controller/share/swerve_controller/swerve_controller
[0.718s] copying swerve_controller/swerve_odometer.py -> /workspaces/ros2/swerve_robot/install/swerve_controller/share/swerve_controller/swerve_controller
[0.718s] running install_egg_info
[0.720s] removing '/workspaces/ros2/swerve_robot/install/swerve_controller/lib/python3.10/site-packages/swerve_controller-0.1.0-py3.10.egg-info' (and everything under it)
[0.720s] Copying ../../build/swerve_controller/swerve_controller.egg-info to /workspaces/ros2/swerve_robot/install/swerve_controller/lib/python3.10/site-packages/swerve_controller-0.1.0-py3.10.egg-info
[0.721s] running install_scripts
[0.741s] Installing wheel_cmd_publisher script to /workspaces/ros2/swerve_robot/install/swerve_controller/lib/swerve_controller
[0.741s] Installing wheel_odometry script to /workspaces/ros2/swerve_robot/install/swerve_controller/lib/swerve_controller
[0.741s] writing list of installed files to '/workspaces/ros2/swerve_robot/build/swerve_controller/install.log'
[0.759s] Invoked command in '/workspaces/ros2/swerve_robot/src/swerve_controller' returned '0': PYTHONPATH=/workspaces/ros2/swerve_robot/build/swerve_controller/prefix_override:/usr/lib/python3/dist-packages/colcon_core/task/python/colcon_distutils_commands:/workspaces/ros2/swerve_robot/install/swerve_controller/lib/python3.10/site-packages:${PYTHONPATH} /usr/bin/python3 -W ignore:setup.py install is deprecated -W ignore:easy_install command is deprecated setup.py egg_info --egg-base ../../build/swerve_controller build --build-base /workspaces/ros2/swerve_robot/build/swerve_controller/build install --record /workspaces/ros2/swerve_robot/build/swerve_controller/install.log --single-version-externally-managed install_data
