[0.779s] Invoking command in '/workspaces/ros2/swerve_robot/build/swerve_controller': PYTHONPATH=/workspaces/ros2/swerve_robot/build/swerve_controller/prefix_override:/usr/lib/python3/dist-packages/colcon_core/task/python/colcon_distutils_commands:/workspaces/ros2/swerve_robot/install/swerve_controller/lib/python3.10/site-packages:${PYTHONPATH} /usr/bin/python3 -W ignore:setup.py install is deprecated -W ignore:easy_install command is deprecated setup.py develop --uninstall --editable --build-directory /workspaces/ros2/swerve_robot/build/swerve_controller/build
[1.104s] running develop
[1.277s] Removing /workspaces/ros2/swerve_robot/install/swerve_controller/lib/python3.10/site-packages/swerve-controller.egg-link (link to .)
[1.303s] Invoked command in '/workspaces/ros2/swerve_robot/build/swerve_controller' returned '0': PYTHONPATH=/workspaces/ros2/swerve_robot/build/swerve_controller/prefix_override:/usr/lib/python3/dist-packages/colcon_core/task/python/colcon_distutils_commands:/workspaces/ros2/swerve_robot/install/swerve_controller/lib/python3.10/site-packages:${PYTHONPATH} /usr/bin/python3 -W ignore:setup.py install is deprecated -W ignore:easy_install command is deprecated setup.py develop --uninstall --editable --build-directory /workspaces/ros2/swerve_robot/build/swerve_controller/build
[1.305s] Invoking command in '/workspaces/ros2/swerve_robot/src/swerve_controller': PYTHONPATH=/workspaces/ros2/swerve_robot/build/swerve_controller/prefix_override:/usr/lib/python3/dist-packages/colcon_core/task/python/colcon_distutils_commands:/workspaces/ros2/swerve_robot/install/swerve_controller/lib/python3.10/site-packages:${PYTHONPATH} /usr/bin/python3 -W ignore:setup.py install is deprecated -W ignore:easy_install command is deprecated setup.py egg_info --egg-base ../../build/swerve_controller build --build-base /workspaces/ros2/swerve_robot/build/swerve_controller/build install --record /workspaces/ros2/swerve_robot/build/swerve_controller/install.log --single-version-externally-managed install_data --force
[1.578s] running egg_info
[1.579s] writing ../../build/swerve_controller/swerve_controller.egg-info/PKG-INFO
[1.579s] writing dependency_links to ../../build/swerve_controller/swerve_controller.egg-info/dependency_links.txt
[1.579s] writing entry points to ../../build/swerve_controller/swerve_controller.egg-info/entry_points.txt
[1.579s] writing requirements to ../../build/swerve_controller/swerve_controller.egg-info/requires.txt
[1.579s] writing top-level names to ../../build/swerve_controller/swerve_controller.egg-info/top_level.txt
[1.581s] reading manifest file '../../build/swerve_controller/swerve_controller.egg-info/SOURCES.txt'
[1.591s] writing manifest file '../../build/swerve_controller/swerve_controller.egg-info/SOURCES.txt'
[1.591s] running build
[1.591s] running build_py
[1.591s] running install
[1.592s] running install_lib
[1.593s] creating /workspaces/ros2/swerve_robot/install/swerve_controller/lib/python3.10/site-packages/swerve_controller
[1.593s] copying /workspaces/ros2/swerve_robot/build/swerve_controller/build/lib/swerve_controller/__init__.py -> /workspaces/ros2/swerve_robot/install/swerve_controller/lib/python3.10/site-packages/swerve_controller
[1.593s] copying /workspaces/ros2/swerve_robot/build/swerve_controller/build/lib/swerve_controller/swerve_joints.py -> /workspaces/ros2/swerve_robot/install/swerve_controller/lib/python3.10/site-packages/swerve_controller
[1.593s] copying /workspaces/ros2/swerve_robot/build/swerve_controller/build/lib/swerve_controller/swerve_commander.py -> /workspaces/ros2/swerve_robot/install/swerve_controller/lib/python3.10/site-packages/swerve_controller
[1.593s] copying /workspaces/ros2/swerve_robot/build/swerve_controller/build/lib/swerve_controller/swerve_odometer.py -> /workspaces/ros2/swerve_robot/install/swerve_controller/lib/python3.10/site-packages/swerve_controller
[1.594s] byte-compiling /workspaces/ros2/swerve_robot/install/swerve_controller/lib/python3.10/site-packages/swerve_controller/__init__.py to __init__.cpython-310.pyc
[1.594s] byte-compiling /workspaces/ros2/swerve_robot/install/swerve_controller/lib/python3.10/site-packages/swerve_controller/swerve_joints.py to swerve_joints.cpython-310.pyc
[1.594s] byte-compiling /workspaces/ros2/swerve_robot/install/swerve_controller/lib/python3.10/site-packages/swerve_controller/swerve_commander.py to swerve_commander.cpython-310.pyc
[1.595s] byte-compiling /workspaces/ros2/swerve_robot/install/swerve_controller/lib/python3.10/site-packages/swerve_controller/swerve_odometer.py to swerve_odometer.cpython-310.pyc
[1.597s] running install_data
[1.597s] copying resource/swerve_controller -> /workspaces/ros2/swerve_robot/install/swerve_controller/share/ament_index/resource_index/packages
[1.597s] copying package.xml -> /workspaces/ros2/swerve_robot/install/swerve_controller/share/swerve_controller
[1.597s] copying launch/swerve_control_odom.launch.py -> /workspaces/ros2/swerve_robot/install/swerve_controller/share/swerve_controller/launch
[1.597s] copying config/robot_geometry.yaml -> /workspaces/ros2/swerve_robot/install/swerve_controller/share/swerve_controller/config
[1.597s] copying config/controller.yaml -> /workspaces/ros2/swerve_robot/install/swerve_controller/share/swerve_controller/config
[1.598s] copying swerve_controller/__init__.py -> /workspaces/ros2/swerve_robot/install/swerve_controller/share/swerve_controller/swerve_controller
[1.598s] copying swerve_controller/swerve_joints.py -> /workspaces/ros2/swerve_robot/install/swerve_controller/share/swerve_controller/swerve_controller
[1.598s] copying swerve_controller/swerve_commander.py -> /workspaces/ros2/swerve_robot/install/swerve_controller/share/swerve_controller/swerve_controller
[1.598s] copying swerve_controller/swerve_odometer.py -> /workspaces/ros2/swerve_robot/install/swerve_controller/share/swerve_controller/swerve_controller
[1.598s] running install_egg_info
[1.600s] Copying ../../build/swerve_controller/swerve_controller.egg-info to /workspaces/ros2/swerve_robot/install/swerve_controller/lib/python3.10/site-packages/swerve_controller-0.1.0-py3.10.egg-info
[1.601s] running install_scripts
[1.627s] Installing wheel_cmd_publisher script to /workspaces/ros2/swerve_robot/install/swerve_controller/lib/swerve_controller
[1.627s] Installing wheel_odometry script to /workspaces/ros2/swerve_robot/install/swerve_controller/lib/swerve_controller
[1.627s] writing list of installed files to '/workspaces/ros2/swerve_robot/build/swerve_controller/install.log'
[1.659s] Invoked command in '/workspaces/ros2/swerve_robot/src/swerve_controller' returned '0': PYTHONPATH=/workspaces/ros2/swerve_robot/build/swerve_controller/prefix_override:/usr/lib/python3/dist-packages/colcon_core/task/python/colcon_distutils_commands:/workspaces/ros2/swerve_robot/install/swerve_controller/lib/python3.10/site-packages:${PYTHONPATH} /usr/bin/python3 -W ignore:setup.py install is deprecated -W ignore:easy_install command is deprecated setup.py egg_info --egg-base ../../build/swerve_controller build --build-base /workspaces/ros2/swerve_robot/build/swerve_controller/build install --record /workspaces/ros2/swerve_robot/build/swerve_controller/install.log --single-version-externally-managed install_data --force
