running develop
running egg_info
writing swerve_controller.egg-info/PKG-INFO
writing dependency_links to swerve_controller.egg-info/dependency_links.txt
writing entry points to swerve_controller.egg-info/entry_points.txt
writing requirements to swerve_controller.egg-info/requires.txt
writing top-level names to swerve_controller.egg-info/top_level.txt
reading manifest file 'swerve_controller.egg-info/SOURCES.txt'
writing manifest file 'swerve_controller.egg-info/SOURCES.txt'
running build_ext
Creating /workspaces/ros2/swerve_robot/install/swerve_controller/lib/python3.10/site-packages/swerve-controller.egg-link (link to .)
Installing wheel_cmd_publisher script to /workspaces/ros2/swerve_robot/install/swerve_controller/lib/swerve_controller
Installing wheel_odometry script to /workspaces/ros2/swerve_robot/install/swerve_controller/lib/swerve_controller

Installed /workspaces/ros2/swerve_robot/build/swerve_controller
running symlink_data
symbolically linking /workspaces/ros2/swerve_robot/build/swerve_controller/resource/swerve_controller -> /workspaces/ros2/swerve_robot/install/swerve_controller/share/ament_index/resource_index/packages
symbolically linking /workspaces/ros2/swerve_robot/build/swerve_controller/package.xml -> /workspaces/ros2/swerve_robot/install/swerve_controller/share/swerve_controller
symbolically linking /workspaces/ros2/swerve_robot/build/swerve_controller/launch/swerve_control_odom.launch.py -> /workspaces/ros2/swerve_robot/install/swerve_controller/share/swerve_controller/launch
symbolically linking /workspaces/ros2/swerve_robot/build/swerve_controller/config/robot_geometry.yaml -> /workspaces/ros2/swerve_robot/install/swerve_controller/share/swerve_controller/config
symbolically linking /workspaces/ros2/swerve_robot/build/swerve_controller/config/controller.yaml -> /workspaces/ros2/swerve_robot/install/swerve_controller/share/swerve_controller/config
symbolically linking /workspaces/ros2/swerve_robot/build/swerve_controller/swerve_controller/__init__.py -> /workspaces/ros2/swerve_robot/install/swerve_controller/share/swerve_controller/swerve_controller
symbolically linking /workspaces/ros2/swerve_robot/build/swerve_controller/swerve_controller/swerve_joints.py -> /workspaces/ros2/swerve_robot/install/swerve_controller/share/swerve_controller/swerve_controller
symbolically linking /workspaces/ros2/swerve_robot/build/swerve_controller/swerve_controller/swerve_commander.py -> /workspaces/ros2/swerve_robot/install/swerve_controller/share/swerve_controller/swerve_controller
symbolically linking /workspaces/ros2/swerve_robot/build/swerve_controller/swerve_controller/swerve_odometer.py -> /workspaces/ros2/swerve_robot/install/swerve_controller/share/swerve_controller/swerve_controller
