[0.112s] DEBUG:colcon:Command line arguments: ['/usr/bin/colcon', 'build']
[0.112s] DEBUG:colcon:Parsed command line arguments: Namespace(log_base=None, log_level=None, verb_name='build', build_base='build', install_base='install', merge_install=False, symlink_install=False, test_result_base=None, continue_on_error=False, executor='parallel', parallel_workers=8, event_handlers=None, ignore_user_meta=False, metas=['./colcon.meta'], base_paths=['.'], packages_ignore=None, packages_ignore_regex=None, paths=None, packages_up_to=None, packages_up_to_regex=None, packages_above=None, packages_above_and_dependencies=None, packages_above_depth=None, packages_select_by_dep=None, packages_skip_by_dep=None, packages_skip_up_to=None, packages_select_build_failed=False, packages_skip_build_finished=False, packages_select_test_failures=False, packages_skip_test_passed=False, packages_select=None, packages_skip=None, packages_select_regex=None, packages_skip_regex=None, packages_start=None, packages_end=None, cmake_args=None, cmake_target=None, cmake_target_skip_unavailable=False, cmake_clean_cache=False, cmake_clean_first=False, cmake_force_configure=False, ament_cmake_args=None, catkin_cmake_args=None, catkin_skip_building_tests=False, mixin_files=None, mixin=None, verb_parser=<colcon_mixin.mixin.mixin_argument.MixinArgumentDecorator object at 0x707fdeb0dae0>, verb_extension=<colcon_core.verb.build.BuildVerb object at 0x707fdec0aa10>, main=<bound method BuildVerb.main of <colcon_core.verb.build.BuildVerb object at 0x707fdec0aa10>>, mixin_verb=('build',))
[0.253s] Level 1:colcon.colcon_core.package_discovery:discover_packages(colcon_meta) check parameters
[0.253s] INFO:colcon.colcon_metadata.package_discovery.colcon_meta:Using configuration from '/root/.colcon/metadata/default/Gazebo.meta'
[0.254s] INFO:colcon.colcon_metadata.package_discovery.colcon_meta:Using configuration from '/root/.colcon/metadata/default/fastrtps.meta'
[0.254s] Level 1:colcon.colcon_core.package_discovery:discover_packages(recursive) check parameters
[0.254s] Level 1:colcon.colcon_core.package_discovery:discover_packages(ignore) check parameters
[0.254s] Level 1:colcon.colcon_core.package_discovery:discover_packages(path) check parameters
[0.254s] Level 1:colcon.colcon_core.package_discovery:discover_packages(colcon_meta) discover
[0.254s] Level 1:colcon.colcon_core.package_discovery:discover_packages(recursive) discover
[0.254s] INFO:colcon.colcon_core.package_discovery:Crawling recursively for packages in '/workspaces/ros2/swerve_robot'
[0.254s] Level 1:colcon.colcon_core.package_identification:_identify(.) by extensions ['ignore', 'ignore_ament_install']
[0.254s] Level 1:colcon.colcon_core.package_identification:_identify(.) by extension 'ignore'
[0.254s] Level 1:colcon.colcon_core.package_identification:_identify(.) by extension 'ignore_ament_install'
[0.254s] Level 1:colcon.colcon_core.package_identification:_identify(.) by extensions ['colcon_pkg']
[0.254s] Level 1:colcon.colcon_core.package_identification:_identify(.) by extension 'colcon_pkg'
[0.254s] Level 1:colcon.colcon_core.package_identification:_identify(.) by extensions ['colcon_meta']
[0.254s] Level 1:colcon.colcon_core.package_identification:_identify(.) by extension 'colcon_meta'
[0.254s] Level 1:colcon.colcon_core.package_identification:_identify(.) by extensions ['ros']
[0.254s] Level 1:colcon.colcon_core.package_identification:_identify(.) by extension 'ros'
[0.265s] Level 1:colcon.colcon_core.package_identification:_identify(.) by extensions ['cmake', 'python']
[0.265s] Level 1:colcon.colcon_core.package_identification:_identify(.) by extension 'cmake'
[0.265s] Level 1:colcon.colcon_core.package_identification:_identify(.) by extension 'python'
[0.265s] Level 1:colcon.colcon_core.package_identification:_identify(.) by extensions ['python_setup_py']
[0.265s] Level 1:colcon.colcon_core.package_identification:_identify(.) by extension 'python_setup_py'
[0.265s] Level 1:colcon.colcon_core.package_identification:_identify(build) by extensions ['ignore', 'ignore_ament_install']
[0.265s] Level 1:colcon.colcon_core.package_identification:_identify(build) by extension 'ignore'
[0.265s] Level 1:colcon.colcon_core.package_identification:_identify(build) ignored
[0.265s] Level 1:colcon.colcon_core.package_identification:_identify(install) by extensions ['ignore', 'ignore_ament_install']
[0.266s] Level 1:colcon.colcon_core.package_identification:_identify(install) by extension 'ignore'
[0.266s] Level 1:colcon.colcon_core.package_identification:_identify(install) ignored
[0.266s] Level 1:colcon.colcon_core.package_identification:_identify(log) by extensions ['ignore', 'ignore_ament_install']
[0.266s] Level 1:colcon.colcon_core.package_identification:_identify(log) by extension 'ignore'
[0.266s] Level 1:colcon.colcon_core.package_identification:_identify(log) ignored
[0.266s] Level 1:colcon.colcon_core.package_identification:_identify(src) by extensions ['ignore', 'ignore_ament_install']
[0.266s] Level 1:colcon.colcon_core.package_identification:_identify(src) by extension 'ignore'
[0.266s] Level 1:colcon.colcon_core.package_identification:_identify(src) by extension 'ignore_ament_install'
[0.266s] Level 1:colcon.colcon_core.package_identification:_identify(src) by extensions ['colcon_pkg']
[0.266s] Level 1:colcon.colcon_core.package_identification:_identify(src) by extension 'colcon_pkg'
[0.266s] Level 1:colcon.colcon_core.package_identification:_identify(src) by extensions ['colcon_meta']
[0.266s] Level 1:colcon.colcon_core.package_identification:_identify(src) by extension 'colcon_meta'
[0.266s] Level 1:colcon.colcon_core.package_identification:_identify(src) by extensions ['ros']
[0.266s] Level 1:colcon.colcon_core.package_identification:_identify(src) by extension 'ros'
[0.266s] Level 1:colcon.colcon_core.package_identification:_identify(src) by extensions ['cmake', 'python']
[0.266s] Level 1:colcon.colcon_core.package_identification:_identify(src) by extension 'cmake'
[0.266s] Level 1:colcon.colcon_core.package_identification:_identify(src) by extension 'python'
[0.266s] Level 1:colcon.colcon_core.package_identification:_identify(src) by extensions ['python_setup_py']
[0.266s] Level 1:colcon.colcon_core.package_identification:_identify(src) by extension 'python_setup_py'
[0.266s] Level 1:colcon.colcon_core.package_identification:_identify(src/swerve_controller) by extensions ['ignore', 'ignore_ament_install']
[0.266s] Level 1:colcon.colcon_core.package_identification:_identify(src/swerve_controller) by extension 'ignore'
[0.266s] Level 1:colcon.colcon_core.package_identification:_identify(src/swerve_controller) by extension 'ignore_ament_install'
[0.267s] Level 1:colcon.colcon_core.package_identification:_identify(src/swerve_controller) by extensions ['colcon_pkg']
[0.267s] Level 1:colcon.colcon_core.package_identification:_identify(src/swerve_controller) by extension 'colcon_pkg'
[0.267s] Level 1:colcon.colcon_core.package_identification:_identify(src/swerve_controller) by extensions ['colcon_meta']
[0.267s] Level 1:colcon.colcon_core.package_identification:_identify(src/swerve_controller) by extension 'colcon_meta'
[0.267s] Level 1:colcon.colcon_core.package_identification:_identify(src/swerve_controller) by extensions ['ros']
[0.267s] Level 1:colcon.colcon_core.package_identification:_identify(src/swerve_controller) by extension 'ros'
[0.270s] DEBUG:colcon.colcon_core.package_identification:Package 'src/swerve_controller' with type 'ros.ament_python' and name 'swerve_controller'
[0.270s] Level 1:colcon.colcon_core.package_identification:_identify(src/swerve_robot_description) by extensions ['ignore', 'ignore_ament_install']
[0.270s] Level 1:colcon.colcon_core.package_identification:_identify(src/swerve_robot_description) by extension 'ignore'
[0.270s] Level 1:colcon.colcon_core.package_identification:_identify(src/swerve_robot_description) by extension 'ignore_ament_install'
[0.270s] Level 1:colcon.colcon_core.package_identification:_identify(src/swerve_robot_description) by extensions ['colcon_pkg']
[0.270s] Level 1:colcon.colcon_core.package_identification:_identify(src/swerve_robot_description) by extension 'colcon_pkg'
[0.270s] Level 1:colcon.colcon_core.package_identification:_identify(src/swerve_robot_description) by extensions ['colcon_meta']
[0.270s] Level 1:colcon.colcon_core.package_identification:_identify(src/swerve_robot_description) by extension 'colcon_meta'
[0.270s] Level 1:colcon.colcon_core.package_identification:_identify(src/swerve_robot_description) by extensions ['ros']
[0.270s] Level 1:colcon.colcon_core.package_identification:_identify(src/swerve_robot_description) by extension 'ros'
[0.271s] DEBUG:colcon.colcon_core.package_identification:Package 'src/swerve_robot_description' with type 'ros.ament_cmake' and name 'swerve_robot_description'
[0.271s] Level 1:colcon.colcon_core.package_identification:_identify(src/swerve_robot_gazebo) by extensions ['ignore', 'ignore_ament_install']
[0.271s] Level 1:colcon.colcon_core.package_identification:_identify(src/swerve_robot_gazebo) by extension 'ignore'
[0.271s] Level 1:colcon.colcon_core.package_identification:_identify(src/swerve_robot_gazebo) by extension 'ignore_ament_install'
[0.271s] Level 1:colcon.colcon_core.package_identification:_identify(src/swerve_robot_gazebo) by extensions ['colcon_pkg']
[0.271s] Level 1:colcon.colcon_core.package_identification:_identify(src/swerve_robot_gazebo) by extension 'colcon_pkg'
[0.271s] Level 1:colcon.colcon_core.package_identification:_identify(src/swerve_robot_gazebo) by extensions ['colcon_meta']
[0.271s] Level 1:colcon.colcon_core.package_identification:_identify(src/swerve_robot_gazebo) by extension 'colcon_meta'
[0.271s] Level 1:colcon.colcon_core.package_identification:_identify(src/swerve_robot_gazebo) by extensions ['ros']
[0.271s] Level 1:colcon.colcon_core.package_identification:_identify(src/swerve_robot_gazebo) by extension 'ros'
[0.273s] DEBUG:colcon.colcon_core.package_identification:Package 'src/swerve_robot_gazebo' with type 'ros.ament_python' and name 'swerve_robot_gazebo'
[0.273s] Level 1:colcon.colcon_core.package_discovery:discover_packages(recursive) using defaults
[0.273s] Level 1:colcon.colcon_core.package_discovery:discover_packages(ignore) discover
[0.273s] Level 1:colcon.colcon_core.package_discovery:discover_packages(ignore) using defaults
[0.273s] Level 1:colcon.colcon_core.package_discovery:discover_packages(path) discover
[0.273s] Level 1:colcon.colcon_core.package_discovery:discover_packages(path) using defaults
[0.295s] Level 5:colcon.colcon_core.verb:set package 'swerve_controller' build argument 'cmake_args' from command line to 'None'
[0.295s] Level 5:colcon.colcon_core.verb:set package 'swerve_controller' build argument 'cmake_target' from command line to 'None'
[0.295s] Level 5:colcon.colcon_core.verb:set package 'swerve_controller' build argument 'cmake_target_skip_unavailable' from command line to 'False'
[0.295s] Level 5:colcon.colcon_core.verb:set package 'swerve_controller' build argument 'cmake_clean_cache' from command line to 'False'
[0.295s] Level 5:colcon.colcon_core.verb:set package 'swerve_controller' build argument 'cmake_clean_first' from command line to 'False'
[0.295s] Level 5:colcon.colcon_core.verb:set package 'swerve_controller' build argument 'cmake_force_configure' from command line to 'False'
[0.295s] Level 5:colcon.colcon_core.verb:set package 'swerve_controller' build argument 'ament_cmake_args' from command line to 'None'
[0.295s] Level 5:colcon.colcon_core.verb:set package 'swerve_controller' build argument 'catkin_cmake_args' from command line to 'None'
[0.295s] Level 5:colcon.colcon_core.verb:set package 'swerve_controller' build argument 'catkin_skip_building_tests' from command line to 'False'
[0.295s] DEBUG:colcon.colcon_core.verb:Building package 'swerve_controller' with the following arguments: {'ament_cmake_args': None, 'build_base': '/workspaces/ros2/swerve_robot/build/swerve_controller', 'catkin_cmake_args': None, 'catkin_skip_building_tests': False, 'cmake_args': None, 'cmake_clean_cache': False, 'cmake_clean_first': False, 'cmake_force_configure': False, 'cmake_target': None, 'cmake_target_skip_unavailable': False, 'install_base': '/workspaces/ros2/swerve_robot/install/swerve_controller', 'merge_install': False, 'path': '/workspaces/ros2/swerve_robot/src/swerve_controller', 'symlink_install': False, 'test_result_base': None}
[0.295s] Level 5:colcon.colcon_core.verb:set package 'swerve_robot_description' build argument 'cmake_args' from command line to 'None'
[0.295s] Level 5:colcon.colcon_core.verb:set package 'swerve_robot_description' build argument 'cmake_target' from command line to 'None'
[0.295s] Level 5:colcon.colcon_core.verb:set package 'swerve_robot_description' build argument 'cmake_target_skip_unavailable' from command line to 'False'
[0.295s] Level 5:colcon.colcon_core.verb:set package 'swerve_robot_description' build argument 'cmake_clean_cache' from command line to 'False'
[0.295s] Level 5:colcon.colcon_core.verb:set package 'swerve_robot_description' build argument 'cmake_clean_first' from command line to 'False'
[0.295s] Level 5:colcon.colcon_core.verb:set package 'swerve_robot_description' build argument 'cmake_force_configure' from command line to 'False'
[0.295s] Level 5:colcon.colcon_core.verb:set package 'swerve_robot_description' build argument 'ament_cmake_args' from command line to 'None'
[0.295s] Level 5:colcon.colcon_core.verb:set package 'swerve_robot_description' build argument 'catkin_cmake_args' from command line to 'None'
[0.295s] Level 5:colcon.colcon_core.verb:set package 'swerve_robot_description' build argument 'catkin_skip_building_tests' from command line to 'False'
[0.296s] DEBUG:colcon.colcon_core.verb:Building package 'swerve_robot_description' with the following arguments: {'ament_cmake_args': None, 'build_base': '/workspaces/ros2/swerve_robot/build/swerve_robot_description', 'catkin_cmake_args': None, 'catkin_skip_building_tests': False, 'cmake_args': None, 'cmake_clean_cache': False, 'cmake_clean_first': False, 'cmake_force_configure': False, 'cmake_target': None, 'cmake_target_skip_unavailable': False, 'install_base': '/workspaces/ros2/swerve_robot/install/swerve_robot_description', 'merge_install': False, 'path': '/workspaces/ros2/swerve_robot/src/swerve_robot_description', 'symlink_install': False, 'test_result_base': None}
[0.296s] Level 5:colcon.colcon_core.verb:set package 'swerve_robot_gazebo' build argument 'cmake_args' from command line to 'None'
[0.296s] Level 5:colcon.colcon_core.verb:set package 'swerve_robot_gazebo' build argument 'cmake_target' from command line to 'None'
[0.296s] Level 5:colcon.colcon_core.verb:set package 'swerve_robot_gazebo' build argument 'cmake_target_skip_unavailable' from command line to 'False'
[0.296s] Level 5:colcon.colcon_core.verb:set package 'swerve_robot_gazebo' build argument 'cmake_clean_cache' from command line to 'False'
[0.296s] Level 5:colcon.colcon_core.verb:set package 'swerve_robot_gazebo' build argument 'cmake_clean_first' from command line to 'False'
[0.296s] Level 5:colcon.colcon_core.verb:set package 'swerve_robot_gazebo' build argument 'cmake_force_configure' from command line to 'False'
[0.296s] Level 5:colcon.colcon_core.verb:set package 'swerve_robot_gazebo' build argument 'ament_cmake_args' from command line to 'None'
[0.296s] Level 5:colcon.colcon_core.verb:set package 'swerve_robot_gazebo' build argument 'catkin_cmake_args' from command line to 'None'
[0.296s] Level 5:colcon.colcon_core.verb:set package 'swerve_robot_gazebo' build argument 'catkin_skip_building_tests' from command line to 'False'
[0.296s] DEBUG:colcon.colcon_core.verb:Building package 'swerve_robot_gazebo' with the following arguments: {'ament_cmake_args': None, 'build_base': '/workspaces/ros2/swerve_robot/build/swerve_robot_gazebo', 'catkin_cmake_args': None, 'catkin_skip_building_tests': False, 'cmake_args': None, 'cmake_clean_cache': False, 'cmake_clean_first': False, 'cmake_force_configure': False, 'cmake_target': None, 'cmake_target_skip_unavailable': False, 'install_base': '/workspaces/ros2/swerve_robot/install/swerve_robot_gazebo', 'merge_install': False, 'path': '/workspaces/ros2/swerve_robot/src/swerve_robot_gazebo', 'symlink_install': False, 'test_result_base': None}
[0.296s] INFO:colcon.colcon_core.executor:Executing jobs using 'parallel' executor
[0.297s] DEBUG:colcon.colcon_parallel_executor.executor.parallel:run_until_complete
[0.297s] INFO:colcon.colcon_ros.task.ament_python.build:Building ROS package in '/workspaces/ros2/swerve_robot/src/swerve_controller' with build type 'ament_python'
[0.298s] Level 1:colcon.colcon_core.shell:create_environment_hook('swerve_controller', 'ament_prefix_path')
[0.300s] INFO:colcon.colcon_core.plugin_system:Skipping extension 'colcon_core.shell.bat': Not used on non-Windows systems
[0.300s] INFO:colcon.colcon_core.shell:Creating environment hook '/workspaces/ros2/swerve_robot/install/swerve_controller/share/swerve_controller/hook/ament_prefix_path.ps1'
[0.313s] INFO:colcon.colcon_core.shell:Creating environment descriptor '/workspaces/ros2/swerve_robot/install/swerve_controller/share/swerve_controller/hook/ament_prefix_path.dsv'
[0.313s] INFO:colcon.colcon_core.shell:Creating environment hook '/workspaces/ros2/swerve_robot/install/swerve_controller/share/swerve_controller/hook/ament_prefix_path.sh'
[0.314s] INFO:colcon.colcon_core.shell:Skip shell extension 'powershell' for command environment: Not usable outside of PowerShell
[0.314s] DEBUG:colcon.colcon_core.shell:Skip shell extension 'dsv' for command environment
[0.316s] WARNING:colcon.colcon_core.prefix_path.colcon:The path '/workspaces/ros2/swerve-sim-container/install' in the environment variable COLCON_PREFIX_PATH doesn't exist
[0.316s] WARNING:colcon.colcon_ros.prefix_path.ament:The path '/workspaces/ros2/swerve-sim-container/install/swerve_robot_gazebo' in the environment variable AMENT_PREFIX_PATH doesn't exist
[0.316s] WARNING:colcon.colcon_ros.prefix_path.ament:The path '/workspaces/ros2/swerve-sim-container/install/swerve_robot_description' in the environment variable AMENT_PREFIX_PATH doesn't exist
[0.316s] WARNING:colcon.colcon_ros.prefix_path.ament:The path '/workspaces/ros2/swerve-sim-container/install/swerve_controller' in the environment variable AMENT_PREFIX_PATH doesn't exist
[0.317s] WARNING:colcon.colcon_ros.prefix_path.catkin:The path '/workspaces/ros2/swerve-sim-container/install/swerve_robot_description' in the environment variable CMAKE_PREFIX_PATH doesn't exist
[0.325s] INFO:colcon.colcon_ros.task.ament_cmake.build:Building ROS package in '/workspaces/ros2/swerve_robot/src/swerve_robot_description' with build type 'ament_cmake'
[0.326s] INFO:colcon.colcon_cmake.task.cmake.build:Building CMake package in '/workspaces/ros2/swerve_robot/src/swerve_robot_description'
[0.326s] INFO:colcon.colcon_core.shell:Skip shell extension 'powershell' for command environment: Not usable outside of PowerShell
[0.326s] DEBUG:colcon.colcon_core.shell:Skip shell extension 'dsv' for command environment
[0.615s] INFO:colcon.colcon_core.task.python.build:Building Python package in '/workspaces/ros2/swerve_robot/src/swerve_controller'
[0.616s] INFO:colcon.colcon_core.shell:Skip shell extension 'powershell' for command environment: Not usable outside of PowerShell
[0.616s] DEBUG:colcon.colcon_core.shell:Skip shell extension 'dsv' for command environment
[0.634s] DEBUG:colcon.colcon_core.event_handler.log_command:Invoking command in '/workspaces/ros2/swerve_robot/build/swerve_robot_description': CMAKE_PREFIX_PATH=${CMAKE_PREFIX_PATH}:/workspaces/ros2/swerve-sim-container/install/swerve_robot_gazebo:/workspaces/ros2/swerve-sim-container/install/swerve_controller:/workspaces/ros2/swerve_robot/install/swerve_robot_gazebo:/workspaces/ros2/swerve_robot/install/swerve_controller:/workspaces/ros2/turtlebot3_ws/install/turtlebot3_teleop:/workspaces/ros2/turtlebot3_ws/install/turtlebot3_example:/workspaces/ros2/ros2_ws/install/turtlebot3_static_path:/opt/ros/humble /usr/bin/cmake --build /workspaces/ros2/swerve_robot/build/swerve_robot_description -- -j8 -l8
[0.673s] DEBUG:colcon.colcon_core.event_handler.log_command:Invoked command in '/workspaces/ros2/swerve_robot/build/swerve_robot_description' returned '0': CMAKE_PREFIX_PATH=${CMAKE_PREFIX_PATH}:/workspaces/ros2/swerve-sim-container/install/swerve_robot_gazebo:/workspaces/ros2/swerve-sim-container/install/swerve_controller:/workspaces/ros2/swerve_robot/install/swerve_robot_gazebo:/workspaces/ros2/swerve_robot/install/swerve_controller:/workspaces/ros2/turtlebot3_ws/install/turtlebot3_teleop:/workspaces/ros2/turtlebot3_ws/install/turtlebot3_example:/workspaces/ros2/ros2_ws/install/turtlebot3_static_path:/opt/ros/humble /usr/bin/cmake --build /workspaces/ros2/swerve_robot/build/swerve_robot_description -- -j8 -l8
[0.683s] DEBUG:colcon.colcon_core.event_handler.log_command:Invoking command in '/workspaces/ros2/swerve_robot/build/swerve_robot_description': CMAKE_PREFIX_PATH=${CMAKE_PREFIX_PATH}:/workspaces/ros2/swerve-sim-container/install/swerve_robot_gazebo:/workspaces/ros2/swerve-sim-container/install/swerve_controller:/workspaces/ros2/swerve_robot/install/swerve_robot_gazebo:/workspaces/ros2/swerve_robot/install/swerve_controller:/workspaces/ros2/turtlebot3_ws/install/turtlebot3_teleop:/workspaces/ros2/turtlebot3_ws/install/turtlebot3_example:/workspaces/ros2/ros2_ws/install/turtlebot3_static_path:/opt/ros/humble /usr/bin/cmake --install /workspaces/ros2/swerve_robot/build/swerve_robot_description
[0.709s] Level 1:colcon.colcon_core.environment:create_environment_scripts_only(swerve_robot_description)
[0.709s] DEBUG:colcon.colcon_core.event_handler.log_command:Invoked command in '/workspaces/ros2/swerve_robot/build/swerve_robot_description' returned '0': CMAKE_PREFIX_PATH=${CMAKE_PREFIX_PATH}:/workspaces/ros2/swerve-sim-container/install/swerve_robot_gazebo:/workspaces/ros2/swerve-sim-container/install/swerve_controller:/workspaces/ros2/swerve_robot/install/swerve_robot_gazebo:/workspaces/ros2/swerve_robot/install/swerve_controller:/workspaces/ros2/turtlebot3_ws/install/turtlebot3_teleop:/workspaces/ros2/turtlebot3_ws/install/turtlebot3_example:/workspaces/ros2/ros2_ws/install/turtlebot3_static_path:/opt/ros/humble /usr/bin/cmake --install /workspaces/ros2/swerve_robot/build/swerve_robot_description
[0.712s] Level 1:colcon.colcon_core.environment:checking '/workspaces/ros2/swerve_robot/install/swerve_robot_description' for CMake module files
[0.712s] Level 1:colcon.colcon_core.environment:checking '/workspaces/ros2/swerve_robot/install/swerve_robot_description' for CMake config files
[0.712s] Level 1:colcon.colcon_core.shell:create_environment_hook('swerve_robot_description', 'cmake_prefix_path')
[0.713s] INFO:colcon.colcon_core.shell:Creating environment hook '/workspaces/ros2/swerve_robot/install/swerve_robot_description/share/swerve_robot_description/hook/cmake_prefix_path.ps1'
[0.713s] INFO:colcon.colcon_core.shell:Creating environment descriptor '/workspaces/ros2/swerve_robot/install/swerve_robot_description/share/swerve_robot_description/hook/cmake_prefix_path.dsv'
[0.713s] INFO:colcon.colcon_core.shell:Creating environment hook '/workspaces/ros2/swerve_robot/install/swerve_robot_description/share/swerve_robot_description/hook/cmake_prefix_path.sh'
[0.714s] Level 1:colcon.colcon_core.environment:checking '/workspaces/ros2/swerve_robot/install/swerve_robot_description/bin'
[0.714s] Level 1:colcon.colcon_core.environment:checking '/workspaces/ros2/swerve_robot/install/swerve_robot_description/lib/pkgconfig/swerve_robot_description.pc'
[0.714s] Level 1:colcon.colcon_core.environment:checking '/workspaces/ros2/swerve_robot/install/swerve_robot_description/lib/python3.10/site-packages'
[0.715s] Level 1:colcon.colcon_core.environment:checking '/workspaces/ros2/swerve_robot/install/swerve_robot_description/bin'
[0.715s] INFO:colcon.colcon_core.shell:Creating package script '/workspaces/ros2/swerve_robot/install/swerve_robot_description/share/swerve_robot_description/package.ps1'
[0.716s] INFO:colcon.colcon_core.shell:Creating package descriptor '/workspaces/ros2/swerve_robot/install/swerve_robot_description/share/swerve_robot_description/package.dsv'
[0.716s] INFO:colcon.colcon_core.shell:Creating package script '/workspaces/ros2/swerve_robot/install/swerve_robot_description/share/swerve_robot_description/package.sh'
[0.717s] INFO:colcon.colcon_core.shell:Creating package script '/workspaces/ros2/swerve_robot/install/swerve_robot_description/share/swerve_robot_description/package.bash'
[0.717s] INFO:colcon.colcon_core.shell:Creating package script '/workspaces/ros2/swerve_robot/install/swerve_robot_description/share/swerve_robot_description/package.zsh'
[0.718s] Level 1:colcon.colcon_core.environment:create_file_with_runtime_dependencies(/workspaces/ros2/swerve_robot/install/swerve_robot_description/share/colcon-core/packages/swerve_robot_description)
[0.719s] Level 1:colcon.colcon_core.environment:create_environment_scripts_only(swerve_robot_description)
[0.719s] Level 1:colcon.colcon_core.environment:checking '/workspaces/ros2/swerve_robot/install/swerve_robot_description' for CMake module files
[0.720s] Level 1:colcon.colcon_core.environment:checking '/workspaces/ros2/swerve_robot/install/swerve_robot_description' for CMake config files
[0.720s] Level 1:colcon.colcon_core.shell:create_environment_hook('swerve_robot_description', 'cmake_prefix_path')
[0.720s] INFO:colcon.colcon_core.shell:Creating environment hook '/workspaces/ros2/swerve_robot/install/swerve_robot_description/share/swerve_robot_description/hook/cmake_prefix_path.ps1'
[0.721s] INFO:colcon.colcon_core.shell:Creating environment descriptor '/workspaces/ros2/swerve_robot/install/swerve_robot_description/share/swerve_robot_description/hook/cmake_prefix_path.dsv'
[0.721s] INFO:colcon.colcon_core.shell:Creating environment hook '/workspaces/ros2/swerve_robot/install/swerve_robot_description/share/swerve_robot_description/hook/cmake_prefix_path.sh'
[0.722s] Level 1:colcon.colcon_core.environment:checking '/workspaces/ros2/swerve_robot/install/swerve_robot_description/bin'
[0.722s] Level 1:colcon.colcon_core.environment:checking '/workspaces/ros2/swerve_robot/install/swerve_robot_description/lib/pkgconfig/swerve_robot_description.pc'
[0.722s] Level 1:colcon.colcon_core.environment:checking '/workspaces/ros2/swerve_robot/install/swerve_robot_description/lib/python3.10/site-packages'
[0.723s] Level 1:colcon.colcon_core.environment:checking '/workspaces/ros2/swerve_robot/install/swerve_robot_description/bin'
[0.723s] INFO:colcon.colcon_core.shell:Creating package script '/workspaces/ros2/swerve_robot/install/swerve_robot_description/share/swerve_robot_description/package.ps1'
[0.724s] INFO:colcon.colcon_core.shell:Creating package descriptor '/workspaces/ros2/swerve_robot/install/swerve_robot_description/share/swerve_robot_description/package.dsv'
[0.724s] INFO:colcon.colcon_core.shell:Creating package script '/workspaces/ros2/swerve_robot/install/swerve_robot_description/share/swerve_robot_description/package.sh'
[0.725s] INFO:colcon.colcon_core.shell:Creating package script '/workspaces/ros2/swerve_robot/install/swerve_robot_description/share/swerve_robot_description/package.bash'
[0.725s] INFO:colcon.colcon_core.shell:Creating package script '/workspaces/ros2/swerve_robot/install/swerve_robot_description/share/swerve_robot_description/package.zsh'
[0.726s] Level 1:colcon.colcon_core.environment:create_file_with_runtime_dependencies(/workspaces/ros2/swerve_robot/install/swerve_robot_description/share/colcon-core/packages/swerve_robot_description)
[1.022s] DEBUG:colcon.colcon_core.event_handler.log_command:Invoking command in '/workspaces/ros2/swerve_robot/src/swerve_controller': PYTHONPATH=/workspaces/ros2/swerve_robot/build/swerve_controller/prefix_override:/usr/lib/python3/dist-packages/colcon_core/task/python/colcon_distutils_commands:/workspaces/ros2/swerve_robot/install/swerve_controller/lib/python3.10/site-packages:${PYTHONPATH} /usr/bin/python3 -W ignore:setup.py install is deprecated -W ignore:easy_install command is deprecated setup.py egg_info --egg-base ../../build/swerve_controller build --build-base /workspaces/ros2/swerve_robot/build/swerve_controller/build install --record /workspaces/ros2/swerve_robot/build/swerve_controller/install.log --single-version-externally-managed install_data
[1.333s] Level 1:colcon.colcon_core.environment:checking '/workspaces/ros2/swerve_robot/install/swerve_controller' for CMake module files
[1.333s] DEBUG:colcon.colcon_core.event_handler.log_command:Invoked command in '/workspaces/ros2/swerve_robot/src/swerve_controller' returned '0': PYTHONPATH=/workspaces/ros2/swerve_robot/build/swerve_controller/prefix_override:/usr/lib/python3/dist-packages/colcon_core/task/python/colcon_distutils_commands:/workspaces/ros2/swerve_robot/install/swerve_controller/lib/python3.10/site-packages:${PYTHONPATH} /usr/bin/python3 -W ignore:setup.py install is deprecated -W ignore:easy_install command is deprecated setup.py egg_info --egg-base ../../build/swerve_controller build --build-base /workspaces/ros2/swerve_robot/build/swerve_controller/build install --record /workspaces/ros2/swerve_robot/build/swerve_controller/install.log --single-version-externally-managed install_data
[1.334s] Level 1:colcon.colcon_core.environment:checking '/workspaces/ros2/swerve_robot/install/swerve_controller' for CMake config files
[1.335s] Level 1:colcon.colcon_core.environment:checking '/workspaces/ros2/swerve_robot/install/swerve_controller/lib'
[1.335s] Level 1:colcon.colcon_core.environment:checking '/workspaces/ros2/swerve_robot/install/swerve_controller/bin'
[1.335s] Level 1:colcon.colcon_core.environment:checking '/workspaces/ros2/swerve_robot/install/swerve_controller/lib/pkgconfig/swerve_controller.pc'
[1.335s] Level 1:colcon.colcon_core.environment:checking '/workspaces/ros2/swerve_robot/install/swerve_controller/lib/python3.10/site-packages'
[1.335s] Level 1:colcon.colcon_core.shell:create_environment_hook('swerve_controller', 'pythonpath')
[1.336s] INFO:colcon.colcon_core.shell:Creating environment hook '/workspaces/ros2/swerve_robot/install/swerve_controller/share/swerve_controller/hook/pythonpath.ps1'
[1.336s] INFO:colcon.colcon_core.shell:Creating environment descriptor '/workspaces/ros2/swerve_robot/install/swerve_controller/share/swerve_controller/hook/pythonpath.dsv'
[1.337s] INFO:colcon.colcon_core.shell:Creating environment hook '/workspaces/ros2/swerve_robot/install/swerve_controller/share/swerve_controller/hook/pythonpath.sh'
[1.338s] Level 1:colcon.colcon_core.environment:checking '/workspaces/ros2/swerve_robot/install/swerve_controller/bin'
[1.338s] Level 1:colcon.colcon_core.environment:create_environment_scripts_only(swerve_controller)
[1.338s] INFO:colcon.colcon_core.shell:Creating package script '/workspaces/ros2/swerve_robot/install/swerve_controller/share/swerve_controller/package.ps1'
[1.339s] INFO:colcon.colcon_core.shell:Creating package descriptor '/workspaces/ros2/swerve_robot/install/swerve_controller/share/swerve_controller/package.dsv'
[1.339s] INFO:colcon.colcon_core.shell:Creating package script '/workspaces/ros2/swerve_robot/install/swerve_controller/share/swerve_controller/package.sh'
[1.339s] INFO:colcon.colcon_core.shell:Creating package script '/workspaces/ros2/swerve_robot/install/swerve_controller/share/swerve_controller/package.bash'
[1.340s] INFO:colcon.colcon_core.shell:Creating package script '/workspaces/ros2/swerve_robot/install/swerve_controller/share/swerve_controller/package.zsh'
[1.340s] Level 1:colcon.colcon_core.environment:create_file_with_runtime_dependencies(/workspaces/ros2/swerve_robot/install/swerve_controller/share/colcon-core/packages/swerve_controller)
[1.340s] INFO:colcon.colcon_ros.task.ament_python.build:Building ROS package in '/workspaces/ros2/swerve_robot/src/swerve_robot_gazebo' with build type 'ament_python'
[1.340s] Level 1:colcon.colcon_core.shell:create_environment_hook('swerve_robot_gazebo', 'ament_prefix_path')
[1.341s] INFO:colcon.colcon_core.shell:Creating environment hook '/workspaces/ros2/swerve_robot/install/swerve_robot_gazebo/share/swerve_robot_gazebo/hook/ament_prefix_path.ps1'
[1.341s] INFO:colcon.colcon_core.shell:Creating environment descriptor '/workspaces/ros2/swerve_robot/install/swerve_robot_gazebo/share/swerve_robot_gazebo/hook/ament_prefix_path.dsv'
[1.342s] INFO:colcon.colcon_core.shell:Creating environment hook '/workspaces/ros2/swerve_robot/install/swerve_robot_gazebo/share/swerve_robot_gazebo/hook/ament_prefix_path.sh'
[1.342s] INFO:colcon.colcon_core.shell:Skip shell extension 'powershell' for command environment: Not usable outside of PowerShell
[1.342s] DEBUG:colcon.colcon_core.shell:Skip shell extension 'dsv' for command environment
[1.610s] INFO:colcon.colcon_core.task.python.build:Building Python package in '/workspaces/ros2/swerve_robot/src/swerve_robot_gazebo'
[1.610s] INFO:colcon.colcon_core.shell:Skip shell extension 'powershell' for command environment: Not usable outside of PowerShell
[1.610s] DEBUG:colcon.colcon_core.shell:Skip shell extension 'dsv' for command environment
[1.980s] DEBUG:colcon.colcon_core.event_handler.log_command:Invoking command in '/workspaces/ros2/swerve_robot/src/swerve_robot_gazebo': AMENT_PREFIX_PATH=/workspaces/ros2/swerve_robot/install/swerve_controller:/workspaces/ros2/swerve-sim-container/install/swerve_robot_gazebo:/workspaces/ros2/swerve-sim-container/install/swerve_robot_description:/workspaces/ros2/swerve-sim-container/install/swerve_controller:/workspaces/ros2/swerve_robot/install/swerve_robot_gazebo:/workspaces/ros2/swerve_robot/install/swerve_robot_description:/workspaces/ros2/turtlebot3_ws/install/turtlebot3:/workspaces/ros2/turtlebot3_ws/install/turtlebot3_teleop:/workspaces/ros2/turtlebot3_ws/install/turtlebot3_simulations:/workspaces/ros2/turtlebot3_ws/install/turtlebot3_bringup:/workspaces/ros2/turtlebot3_ws/install/turtlebot3_node:/workspaces/ros2/turtlebot3_ws/install/turtlebot3_navigation2:/workspaces/ros2/turtlebot3_ws/install/turtlebot3_fake_node:/workspaces/ros2/turtlebot3_ws/install/turtlebot3_example:/workspaces/ros2/turtlebot3_ws/install/turtlebot3_msgs:/workspaces/ros2/turtlebot3_ws/install/turtlebot3_gazebo:/workspaces/ros2/turtlebot3_ws/install/turtlebot3_description:/workspaces/ros2/turtlebot3_ws/install/turtlebot3_cartographer:/workspaces/ros2/turtlebot3_ws/install/dynamixel_sdk_examples:/workspaces/ros2/turtlebot3_ws/install/dynamixel_sdk_custom_interfaces:/workspaces/ros2/turtlebot3_ws/install/dynamixel_sdk:/workspaces/ros2/ros2_ws/install/turtlebot3_static_path:/workspaces/ros2/assembed/install/assembed:/opt/ros/humble CMAKE_PREFIX_PATH=/workspaces/ros2/swerve_robot/install/swerve_robot_description:/workspaces/ros2/swerve-sim-container/install/swerve_robot_description:/workspaces/ros2/turtlebot3_ws/install/turtlebot3:/workspaces/ros2/turtlebot3_ws/install/turtlebot3_simulations:/workspaces/ros2/turtlebot3_ws/install/turtlebot3_bringup:/workspaces/ros2/turtlebot3_ws/install/turtlebot3_node:/workspaces/ros2/turtlebot3_ws/install/turtlebot3_navigation2:/workspaces/ros2/turtlebot3_ws/install/turtlebot3_fake_node:/workspaces/ros2/turtlebot3_ws/install/turtlebot3_msgs:/workspaces/ros2/turtlebot3_ws/install/turtlebot3_gazebo:/workspaces/ros2/turtlebot3_ws/install/turtlebot3_description:/workspaces/ros2/turtlebot3_ws/install/turtlebot3_cartographer:/workspaces/ros2/turtlebot3_ws/install/dynamixel_sdk_examples:/workspaces/ros2/turtlebot3_ws/install/dynamixel_sdk_custom_interfaces:/workspaces/ros2/turtlebot3_ws/install/dynamixel_sdk:/workspaces/ros2/assembed/install/assembed PYTHONPATH=/workspaces/ros2/swerve_robot/build/swerve_robot_gazebo/prefix_override:/usr/lib/python3/dist-packages/colcon_core/task/python/colcon_distutils_commands:/workspaces/ros2/swerve_robot/install/swerve_robot_gazebo/lib/python3.10/site-packages:/workspaces/ros2/swerve_robot/install/swerve_controller/lib/python3.10/site-packages:/workspaces/ros2/swerve-sim-container/install/swerve_robot_gazebo/lib/python3.10/site-packages:/workspaces/ros2/swerve-sim-container/install/swerve_controller/lib/python3.10/site-packages:/workspaces/ros2/swerve_robot/build/swerve_robot_gazebo:/workspaces/ros2/swerve_robot/install/swerve_robot_gazebo/lib/python3.10/site-packages:/workspaces/ros2/swerve_robot/build/swerve_controller:/workspaces/ros2/turtlebot3_ws/install/turtlebot3_teleop/lib/python3.10/site-packages:/workspaces/ros2/turtlebot3_ws/install/turtlebot3_example/lib/python3.10/site-packages:/workspaces/ros2/turtlebot3_ws/install/turtlebot3_msgs/local/lib/python3.10/dist-packages:/workspaces/ros2/turtlebot3_ws/install/dynamixel_sdk_custom_interfaces/local/lib/python3.10/dist-packages:/workspaces/ros2/ros2_ws/install/turtlebot3_static_path/lib/python3.10/site-packages:/opt/ros/humble/lib/python3.10/site-packages:/opt/ros/humble/local/lib/python3.10/dist-packages /usr/bin/python3 -W ignore:setup.py install is deprecated -W ignore:easy_install command is deprecated setup.py egg_info --egg-base ../../build/swerve_robot_gazebo build --build-base /workspaces/ros2/swerve_robot/build/swerve_robot_gazebo/build install --record /workspaces/ros2/swerve_robot/build/swerve_robot_gazebo/install.log --single-version-externally-managed install_data
[2.288s] Level 1:colcon.colcon_core.environment:checking '/workspaces/ros2/swerve_robot/install/swerve_robot_gazebo' for CMake module files
[2.289s] DEBUG:colcon.colcon_core.event_handler.log_command:Invoked command in '/workspaces/ros2/swerve_robot/src/swerve_robot_gazebo' returned '0': AMENT_PREFIX_PATH=/workspaces/ros2/swerve_robot/install/swerve_controller:/workspaces/ros2/swerve-sim-container/install/swerve_robot_gazebo:/workspaces/ros2/swerve-sim-container/install/swerve_robot_description:/workspaces/ros2/swerve-sim-container/install/swerve_controller:/workspaces/ros2/swerve_robot/install/swerve_robot_gazebo:/workspaces/ros2/swerve_robot/install/swerve_robot_description:/workspaces/ros2/turtlebot3_ws/install/turtlebot3:/workspaces/ros2/turtlebot3_ws/install/turtlebot3_teleop:/workspaces/ros2/turtlebot3_ws/install/turtlebot3_simulations:/workspaces/ros2/turtlebot3_ws/install/turtlebot3_bringup:/workspaces/ros2/turtlebot3_ws/install/turtlebot3_node:/workspaces/ros2/turtlebot3_ws/install/turtlebot3_navigation2:/workspaces/ros2/turtlebot3_ws/install/turtlebot3_fake_node:/workspaces/ros2/turtlebot3_ws/install/turtlebot3_example:/workspaces/ros2/turtlebot3_ws/install/turtlebot3_msgs:/workspaces/ros2/turtlebot3_ws/install/turtlebot3_gazebo:/workspaces/ros2/turtlebot3_ws/install/turtlebot3_description:/workspaces/ros2/turtlebot3_ws/install/turtlebot3_cartographer:/workspaces/ros2/turtlebot3_ws/install/dynamixel_sdk_examples:/workspaces/ros2/turtlebot3_ws/install/dynamixel_sdk_custom_interfaces:/workspaces/ros2/turtlebot3_ws/install/dynamixel_sdk:/workspaces/ros2/ros2_ws/install/turtlebot3_static_path:/workspaces/ros2/assembed/install/assembed:/opt/ros/humble CMAKE_PREFIX_PATH=/workspaces/ros2/swerve_robot/install/swerve_robot_description:/workspaces/ros2/swerve-sim-container/install/swerve_robot_description:/workspaces/ros2/turtlebot3_ws/install/turtlebot3:/workspaces/ros2/turtlebot3_ws/install/turtlebot3_simulations:/workspaces/ros2/turtlebot3_ws/install/turtlebot3_bringup:/workspaces/ros2/turtlebot3_ws/install/turtlebot3_node:/workspaces/ros2/turtlebot3_ws/install/turtlebot3_navigation2:/workspaces/ros2/turtlebot3_ws/install/turtlebot3_fake_node:/workspaces/ros2/turtlebot3_ws/install/turtlebot3_msgs:/workspaces/ros2/turtlebot3_ws/install/turtlebot3_gazebo:/workspaces/ros2/turtlebot3_ws/install/turtlebot3_description:/workspaces/ros2/turtlebot3_ws/install/turtlebot3_cartographer:/workspaces/ros2/turtlebot3_ws/install/dynamixel_sdk_examples:/workspaces/ros2/turtlebot3_ws/install/dynamixel_sdk_custom_interfaces:/workspaces/ros2/turtlebot3_ws/install/dynamixel_sdk:/workspaces/ros2/assembed/install/assembed PYTHONPATH=/workspaces/ros2/swerve_robot/build/swerve_robot_gazebo/prefix_override:/usr/lib/python3/dist-packages/colcon_core/task/python/colcon_distutils_commands:/workspaces/ros2/swerve_robot/install/swerve_robot_gazebo/lib/python3.10/site-packages:/workspaces/ros2/swerve_robot/install/swerve_controller/lib/python3.10/site-packages:/workspaces/ros2/swerve-sim-container/install/swerve_robot_gazebo/lib/python3.10/site-packages:/workspaces/ros2/swerve-sim-container/install/swerve_controller/lib/python3.10/site-packages:/workspaces/ros2/swerve_robot/build/swerve_robot_gazebo:/workspaces/ros2/swerve_robot/install/swerve_robot_gazebo/lib/python3.10/site-packages:/workspaces/ros2/swerve_robot/build/swerve_controller:/workspaces/ros2/turtlebot3_ws/install/turtlebot3_teleop/lib/python3.10/site-packages:/workspaces/ros2/turtlebot3_ws/install/turtlebot3_example/lib/python3.10/site-packages:/workspaces/ros2/turtlebot3_ws/install/turtlebot3_msgs/local/lib/python3.10/dist-packages:/workspaces/ros2/turtlebot3_ws/install/dynamixel_sdk_custom_interfaces/local/lib/python3.10/dist-packages:/workspaces/ros2/ros2_ws/install/turtlebot3_static_path/lib/python3.10/site-packages:/opt/ros/humble/lib/python3.10/site-packages:/opt/ros/humble/local/lib/python3.10/dist-packages /usr/bin/python3 -W ignore:setup.py install is deprecated -W ignore:easy_install command is deprecated setup.py egg_info --egg-base ../../build/swerve_robot_gazebo build --build-base /workspaces/ros2/swerve_robot/build/swerve_robot_gazebo/build install --record /workspaces/ros2/swerve_robot/build/swerve_robot_gazebo/install.log --single-version-externally-managed install_data
[2.289s] Level 1:colcon.colcon_core.environment:checking '/workspaces/ros2/swerve_robot/install/swerve_robot_gazebo' for CMake config files
[2.290s] Level 1:colcon.colcon_core.environment:checking '/workspaces/ros2/swerve_robot/install/swerve_robot_gazebo/lib'
[2.290s] Level 1:colcon.colcon_core.environment:checking '/workspaces/ros2/swerve_robot/install/swerve_robot_gazebo/bin'
[2.290s] Level 1:colcon.colcon_core.environment:checking '/workspaces/ros2/swerve_robot/install/swerve_robot_gazebo/lib/pkgconfig/swerve_robot_gazebo.pc'
[2.290s] Level 1:colcon.colcon_core.environment:checking '/workspaces/ros2/swerve_robot/install/swerve_robot_gazebo/lib/python3.10/site-packages'
[2.290s] Level 1:colcon.colcon_core.shell:create_environment_hook('swerve_robot_gazebo', 'pythonpath')
[2.290s] INFO:colcon.colcon_core.shell:Creating environment hook '/workspaces/ros2/swerve_robot/install/swerve_robot_gazebo/share/swerve_robot_gazebo/hook/pythonpath.ps1'
[2.291s] INFO:colcon.colcon_core.shell:Creating environment descriptor '/workspaces/ros2/swerve_robot/install/swerve_robot_gazebo/share/swerve_robot_gazebo/hook/pythonpath.dsv'
[2.291s] INFO:colcon.colcon_core.shell:Creating environment hook '/workspaces/ros2/swerve_robot/install/swerve_robot_gazebo/share/swerve_robot_gazebo/hook/pythonpath.sh'
[2.292s] Level 1:colcon.colcon_core.environment:checking '/workspaces/ros2/swerve_robot/install/swerve_robot_gazebo/bin'
[2.292s] Level 1:colcon.colcon_core.environment:create_environment_scripts_only(swerve_robot_gazebo)
[2.292s] INFO:colcon.colcon_core.shell:Creating package script '/workspaces/ros2/swerve_robot/install/swerve_robot_gazebo/share/swerve_robot_gazebo/package.ps1'
[2.292s] INFO:colcon.colcon_core.shell:Creating package descriptor '/workspaces/ros2/swerve_robot/install/swerve_robot_gazebo/share/swerve_robot_gazebo/package.dsv'
[2.293s] INFO:colcon.colcon_core.shell:Creating package script '/workspaces/ros2/swerve_robot/install/swerve_robot_gazebo/share/swerve_robot_gazebo/package.sh'
[2.293s] INFO:colcon.colcon_core.shell:Creating package script '/workspaces/ros2/swerve_robot/install/swerve_robot_gazebo/share/swerve_robot_gazebo/package.bash'
[2.293s] INFO:colcon.colcon_core.shell:Creating package script '/workspaces/ros2/swerve_robot/install/swerve_robot_gazebo/share/swerve_robot_gazebo/package.zsh'
[2.294s] Level 1:colcon.colcon_core.environment:create_file_with_runtime_dependencies(/workspaces/ros2/swerve_robot/install/swerve_robot_gazebo/share/colcon-core/packages/swerve_robot_gazebo)
[2.294s] DEBUG:colcon.colcon_parallel_executor.executor.parallel:closing loop
[2.294s] DEBUG:colcon.colcon_parallel_executor.executor.parallel:loop closed
[2.294s] DEBUG:colcon.colcon_parallel_executor.executor.parallel:run_until_complete finished with '0'
[2.294s] DEBUG:colcon.colcon_core.event_reactor:joining thread
[2.299s] INFO:colcon.colcon_core.plugin_system:Skipping extension 'colcon_notification.desktop_notification.notify_send': Could not find 'notify-send'
[2.299s] INFO:colcon.colcon_core.plugin_system:Skipping extension 'colcon_notification.desktop_notification.terminal_notifier': Not used on non-Darwin systems
[2.299s] INFO:colcon.colcon_core.plugin_system:Skipping extension 'colcon_notification.desktop_notification.win32': Not used on non-Windows systems
[2.300s] INFO:colcon.colcon_notification.desktop_notification:Sending desktop notification using 'notify2'
[2.302s] DEBUG:colcon.colcon_notification.desktop_notification.notify2:Failed to initialize notify2: org.freedesktop.DBus.Error.Spawn.ExecFailed: /usr/bin/dbus-launch terminated abnormally without any error message
[2.302s] DEBUG:colcon.colcon_core.event_reactor:joined thread
[2.303s] INFO:colcon.colcon_core.shell:Creating prefix script '/workspaces/ros2/swerve_robot/install/local_setup.ps1'
[2.305s] INFO:colcon.colcon_core.shell:Creating prefix util module '/workspaces/ros2/swerve_robot/install/_local_setup_util_ps1.py'
[2.306s] INFO:colcon.colcon_core.shell:Creating prefix chain script '/workspaces/ros2/swerve_robot/install/setup.ps1'
[2.309s] INFO:colcon.colcon_core.shell:Creating prefix script '/workspaces/ros2/swerve_robot/install/local_setup.sh'
[2.309s] INFO:colcon.colcon_core.shell:Creating prefix util module '/workspaces/ros2/swerve_robot/install/_local_setup_util_sh.py'
[2.310s] INFO:colcon.colcon_core.shell:Creating prefix chain script '/workspaces/ros2/swerve_robot/install/setup.sh'
[2.313s] INFO:colcon.colcon_core.shell:Creating prefix script '/workspaces/ros2/swerve_robot/install/local_setup.bash'
[2.313s] INFO:colcon.colcon_core.shell:Creating prefix chain script '/workspaces/ros2/swerve_robot/install/setup.bash'
[2.316s] INFO:colcon.colcon_core.shell:Creating prefix script '/workspaces/ros2/swerve_robot/install/local_setup.zsh'
[2.316s] INFO:colcon.colcon_core.shell:Creating prefix chain script '/workspaces/ros2/swerve_robot/install/setup.zsh'
