[0.227s] Invoking command in '/workspaces/ros2/swerve_robot/build/swerve_robot_description': CMAKE_PREFIX_PATH=${CMAKE_PREFIX_PATH}:/workspaces/ros2/swerve_robot/install/swerve_robot_gazebo:/workspaces/ros2/swerve_robot/install/swerve_controller:/workspaces/ros2/turtlebot3_ws/install/turtlebot3_teleop:/workspaces/ros2/turtlebot3_ws/install/turtlebot3_example:/workspaces/ros2/ros2_ws/install/turtlebot3_static_path:/opt/ros/humble /usr/bin/cmake --build /workspaces/ros2/swerve_robot/build/swerve_robot_description -- -j8 -l8
[0.279s] -- Found ament_cmake: 1.3.11 (/opt/ros/humble/share/ament_cmake/cmake)
[0.407s] -- Override CMake install command with custom implementation using symlinks instead of copying resources
[0.420s] -- Found xacro: 2.0.8 (/opt/ros/humble/share/xacro/cmake)
[0.421s] -- Found urdf: 2.6.1 (/opt/ros/humble/share/urdf/cmake)
[0.558s] -- Configuring done
[0.562s] -- Generating done
[0.563s] -- Build files have been written to: /workspaces/ros2/swerve_robot/build/swerve_robot_description
[0.585s] Invoked command in '/workspaces/ros2/swerve_robot/build/swerve_robot_description' returned '0': CMAKE_PREFIX_PATH=${CMAKE_PREFIX_PATH}:/workspaces/ros2/swerve_robot/install/swerve_robot_gazebo:/workspaces/ros2/swerve_robot/install/swerve_controller:/workspaces/ros2/turtlebot3_ws/install/turtlebot3_teleop:/workspaces/ros2/turtlebot3_ws/install/turtlebot3_example:/workspaces/ros2/ros2_ws/install/turtlebot3_static_path:/opt/ros/humble /usr/bin/cmake --build /workspaces/ros2/swerve_robot/build/swerve_robot_description -- -j8 -l8
[0.597s] Invoking command in '/workspaces/ros2/swerve_robot/build/swerve_robot_description': CMAKE_PREFIX_PATH=${CMAKE_PREFIX_PATH}:/workspaces/ros2/swerve_robot/install/swerve_robot_gazebo:/workspaces/ros2/swerve_robot/install/swerve_controller:/workspaces/ros2/turtlebot3_ws/install/turtlebot3_teleop:/workspaces/ros2/turtlebot3_ws/install/turtlebot3_example:/workspaces/ros2/ros2_ws/install/turtlebot3_static_path:/opt/ros/humble /usr/bin/cmake --install /workspaces/ros2/swerve_robot/build/swerve_robot_description
[0.608s] -- Install configuration: ""
[0.609s] -- Execute custom install script
[0.609s] -- Symlinking: /workspaces/ros2/swerve_robot/install/swerve_robot_description/share/swerve_robot_description/config/sim_controllers.yaml
[0.618s] -- Symlinking: /workspaces/ros2/swerve_robot/install/swerve_robot_description/share/swerve_robot_description/launch/description.launch.py
[0.627s] -- Symlinking: /workspaces/ros2/swerve_robot/install/swerve_robot_description/share/swerve_robot_description/launch/rviz.launch.py
[0.636s] -- Symlinking: /workspaces/ros2/swerve_robot/install/swerve_robot_description/share/swerve_robot_description/meshes/base_link.dae
[0.642s] -- Symlinking: /workspaces/ros2/swerve_robot/install/swerve_robot_description/share/swerve_robot_description/meshes/front_left_steering_link.dae
[0.650s] -- Symlinking: /workspaces/ros2/swerve_robot/install/swerve_robot_description/share/swerve_robot_description/meshes/front_left_wheel_link.dae
[0.658s] -- Symlinking: /workspaces/ros2/swerve_robot/install/swerve_robot_description/share/swerve_robot_description/meshes/front_right_steering_link.dae
[0.667s] -- Symlinking: /workspaces/ros2/swerve_robot/install/swerve_robot_description/share/swerve_robot_description/meshes/front_right_wheel_link.dae
[0.675s] -- Symlinking: /workspaces/ros2/swerve_robot/install/swerve_robot_description/share/swerve_robot_description/meshes/rear_left_steering_link.dae
[0.683s] -- Symlinking: /workspaces/ros2/swerve_robot/install/swerve_robot_description/share/swerve_robot_description/meshes/rear_left_wheel_link.dae
[0.694s] -- Symlinking: /workspaces/ros2/swerve_robot/install/swerve_robot_description/share/swerve_robot_description/meshes/rear_right_steering_link.dae
[0.704s] -- Symlinking: /workspaces/ros2/swerve_robot/install/swerve_robot_description/share/swerve_robot_description/meshes/rear_right_wheel_link.dae
[0.712s] -- Symlinking: /workspaces/ros2/swerve_robot/install/swerve_robot_description/share/swerve_robot_description/rviz/description.rviz
[0.720s] -- Symlinking: /workspaces/ros2/swerve_robot/install/swerve_robot_description/share/swerve_robot_description/urdf/include/robot_parts/chassis.xacro
[0.728s] -- Symlinking: /workspaces/ros2/swerve_robot/install/swerve_robot_description/share/swerve_robot_description/urdf/include/robot_parts/steering.xacro
[0.736s] -- Symlinking: /workspaces/ros2/swerve_robot/install/swerve_robot_description/share/swerve_robot_description/urdf/include/robot_parts/wheel.xacro
[0.743s] -- Symlinking: /workspaces/ros2/swerve_robot/install/swerve_robot_description/share/swerve_robot_description/urdf/include/swerve_robot_base.xacro
[0.750s] -- Symlinking: /workspaces/ros2/swerve_robot/install/swerve_robot_description/share/swerve_robot_description/urdf/include/swerve_ros2_control.xacro
[0.758s] -- Symlinking: /workspaces/ros2/swerve_robot/install/swerve_robot_description/share/swerve_robot_description/urdf/swerve_robot.xacro
[0.765s] -- Symlinking: /workspaces/ros2/swerve_robot/install/swerve_robot_description/share/ament_index/resource_index/package_run_dependencies/swerve_robot_description
[0.773s] -- Symlinking: /workspaces/ros2/swerve_robot/install/swerve_robot_description/share/ament_index/resource_index/parent_prefix_path/swerve_robot_description
[0.780s] -- Up-to-date symlink: /workspaces/ros2/swerve_robot/install/swerve_robot_description/share/swerve_robot_description/environment/ament_prefix_path.sh
[0.780s] -- Symlinking: /workspaces/ros2/swerve_robot/install/swerve_robot_description/share/swerve_robot_description/environment/ament_prefix_path.dsv
[0.791s] -- Up-to-date symlink: /workspaces/ros2/swerve_robot/install/swerve_robot_description/share/swerve_robot_description/environment/path.sh
[0.791s] -- Symlinking: /workspaces/ros2/swerve_robot/install/swerve_robot_description/share/swerve_robot_description/environment/path.dsv
[0.802s] -- Symlinking: /workspaces/ros2/swerve_robot/install/swerve_robot_description/share/swerve_robot_description/local_setup.bash
[0.811s] -- Symlinking: /workspaces/ros2/swerve_robot/install/swerve_robot_description/share/swerve_robot_description/local_setup.sh
[0.819s] -- Symlinking: /workspaces/ros2/swerve_robot/install/swerve_robot_description/share/swerve_robot_description/local_setup.zsh
[0.827s] -- Symlinking: /workspaces/ros2/swerve_robot/install/swerve_robot_description/share/swerve_robot_description/local_setup.dsv
[0.836s] -- Symlinking: /workspaces/ros2/swerve_robot/install/swerve_robot_description/share/swerve_robot_description/package.dsv
[0.844s] -- Symlinking: /workspaces/ros2/swerve_robot/install/swerve_robot_description/share/ament_index/resource_index/packages/swerve_robot_description
[0.852s] -- Symlinking: /workspaces/ros2/swerve_robot/install/swerve_robot_description/share/swerve_robot_description/cmake/ament_cmake_export_dependencies-extras.cmake
[0.860s] -- Symlinking: /workspaces/ros2/swerve_robot/install/swerve_robot_description/share/swerve_robot_description/cmake/swerve_robot_descriptionConfig.cmake
[0.868s] -- Symlinking: /workspaces/ros2/swerve_robot/install/swerve_robot_description/share/swerve_robot_description/cmake/swerve_robot_descriptionConfig-version.cmake
[0.876s] -- Symlinking: /workspaces/ros2/swerve_robot/install/swerve_robot_description/share/swerve_robot_description/package.xml
[0.888s] Invoked command in '/workspaces/ros2/swerve_robot/build/swerve_robot_description' returned '0': CMAKE_PREFIX_PATH=${CMAKE_PREFIX_PATH}:/workspaces/ros2/swerve_robot/install/swerve_robot_gazebo:/workspaces/ros2/swerve_robot/install/swerve_controller:/workspaces/ros2/turtlebot3_ws/install/turtlebot3_teleop:/workspaces/ros2/turtlebot3_ws/install/turtlebot3_example:/workspaces/ros2/ros2_ws/install/turtlebot3_static_path:/opt/ros/humble /usr/bin/cmake --install /workspaces/ros2/swerve_robot/build/swerve_robot_description
